#Split in new
chr1	1579438	1584523
#Split in new
chr1	13036931	13038809
#Split in new
chr1	13142139	13143286
#Split in new
chr1	13328403	13330284
#Split in new
chr1	13330648	13332298
#Split in new
chr1	144156219	144157796
#Split in new
chr1	144675863	144678600
#Split in new
chr1	144678807	144681173
#Split in new
chr1	146052673	146053825
#Split in new
chr1	146056300	146058462
#Split in new
chr1	148329451	148331042
#Split in new
chr1	148587012	148588675
#Split in new
chr1	149675260	149677689
#Partially deleted in new
chr7	65171395	65171566
#Partially deleted in new
chr7	74469037	74472878
#Partially deleted in new
chr7	74473282	74475706
#Partially deleted in new
chr7	74770706	74773131
#Partially deleted in new
chr7	74773539	74777374
#Partially deleted in new
chr8	144939722	144940781
#Split in new
chr9	39721421	39723628
#Split in new
chr9	39885438	39887193
#Split in new
chr9	41325198	41326814
#Split in new
chr9	43875014	43877047
#Split in new
chr9	65584778	65586926
#Split in new
chr9	65616596	65618705
#Split in new
chr10	47173450	47175760
#Split in new
chr10	47190843	47200923
#Split in new
chr10	47200926	47214661
#Split in new
chr10	47233280	47236583
#Split in new
chr10	48941004	48943224
#Split in new
chr10	48942349	48944550
#Split in new
chr10	48954886	48955426
#Split in new
chr10	48955435	48955816
#Split in new
chr10	48955853	48956835
#Split in new
chr10	48956841	48957517
#Split in new
chr10	48957524	48958023
#Split in new
chr10	48958070	48958173
#Split in new
chr10	48958245	48960325
#Partially deleted in new
chr10	48972682	48973042
#Split in new
chr10	48976979	48977093
#Split in new
chr10	51369723	51372661
#Split in new
chr10	51373297	51375624
#Split in new
chr10	51386457	51389458
#Split in new
chr15	22740072	22742391
#Split in new
chr15	23408225	23410376
#Partially deleted in new
chr17	36465481	36465609
#Split in new
chr19	40388661	40390900
#Split in new
chr19	40391012	40394006
#Split in new
chr19	54723485	54725560
#Split in new
chr19	54744784	54747944
#Partially deleted in new
chrX	229747	232007
#Partially deleted in new
chrX	1313848	1316071
#Split in new
chrX	140084991	140086444
#Split in new
chrX	140335284	140336394
#Partially deleted in new
chrY	179747	182009
#Partially deleted in new
chrY	1263842	1266069
#Deleted in new
chrMT	3574	5611
#Deleted in new
gi|88944410|ref|NT_113878.1|	18337	19400
#Deleted in new
gi|88944410|ref|NT_113878.1|	36604	38681
#Deleted in new
gi|88944410|ref|NT_113878.1|	43757	46078
#Deleted in new
gi|88944410|ref|NT_113878.1|	47523	49775
#Deleted in new
gi|88944410|ref|NT_113878.1|	48938	51319
#Deleted in new
gi|224514628|ref|NT_167207.1|	54879	56808
#Deleted in new
gi|224514628|ref|NT_167207.1|	65266	68677
#Deleted in new
gi|224514628|ref|NT_167207.1|	67785	70021
#Deleted in new
gi|224514628|ref|NT_167207.1|	71143	74477
#Deleted in new
gi|224514628|ref|NT_167207.1|	73707	75910
#Deleted in new
gi|224514628|ref|NT_167207.1|	78123	80400
#Deleted in new
gi|224514628|ref|NT_167207.1|	87786	90707
#Deleted in new
gi|224514628|ref|NT_167207.1|	93157	95318
#Deleted in new
gi|224514628|ref|NT_167207.1|	95727	98011
#Deleted in new
gi|224514628|ref|NT_167207.1|	98621	102240
#Deleted in new
gi|224514628|ref|NT_167207.1|	101254	103454
#Deleted in new
gi|224514628|ref|NT_167207.1|	103282	106475
#Deleted in new
gi|224514628|ref|NT_167207.1|	110088	112352
#Deleted in new
gi|224514628|ref|NT_167207.1|	112418	114787
#Deleted in new
gi|224514628|ref|NT_167207.1|	117338	119892
#Deleted in new
gi|224514628|ref|NT_167207.1|	120700	122966
#Deleted in new
gi|224514628|ref|NT_167207.1|	122132	124253
#Deleted in new
gi|224514628|ref|NT_167207.1|	127491	129791
#Deleted in new
gi|224514628|ref|NT_167207.1|	129544	132551
#Deleted in new
gi|224514628|ref|NT_167207.1|	132342	134692
#Deleted in new
gi|224514628|ref|NT_167207.1|	133923	136112
#Deleted in new
gi|224514628|ref|NT_167207.1|	141885	144409
#Deleted in new
gi|224514628|ref|NT_167207.1|	145504	148768
#Deleted in new
gi|224514628|ref|NT_167207.1|	156400	158748
#Deleted in new
gi|224514628|ref|NT_167207.1|	159216	161565
#Deleted in new
gi|224514628|ref|NT_167207.1|	174074	176395
#Deleted in new
gi|224514628|ref|NT_167207.1|	176824	178874
#Deleted in new
gi|224514628|ref|NT_167207.1|	179893	182176
#Deleted in new
gi|224514628|ref|NT_167207.1|	188948	191091
#Deleted in new
gi|224514628|ref|NT_167207.1|	192052	194244
#Deleted in new
gi|224514628|ref|NT_167207.1|	196276	198427
#Deleted in new
gi|224514628|ref|NT_167207.1|	198532	200795
#Deleted in new
gi|224514628|ref|NT_167207.1|	201295	203534
#Deleted in new
gi|224514628|ref|NT_167207.1|	207156	209417
#Deleted in new
gi|224514628|ref|NT_167207.1|	209844	214089
#Deleted in new
gi|224514628|ref|NT_167207.1|	215497	217785
#Deleted in new
gi|224514628|ref|NT_167207.1|	218093	220206
#Deleted in new
gi|224514628|ref|NT_167207.1|	221856	224083
#Deleted in new
gi|224514628|ref|NT_167207.1|	224447	227268
#Deleted in new
gi|224514628|ref|NT_167207.1|	227881	230532
#Deleted in new
gi|224514628|ref|NT_167207.1|	260752	263285
#Deleted in new
gi|224514628|ref|NT_167207.1|	268001	270421
#Deleted in new
gi|224514628|ref|NT_167207.1|	270690	273029
#Deleted in new
gi|224514628|ref|NT_167207.1|	274751	277045
#Deleted in new
gi|224514628|ref|NT_167207.1|	303445	305801
#Deleted in new
gi|224514628|ref|NT_167207.1|	305147	307365
#Deleted in new
gi|224514628|ref|NT_167207.1|	322948	325101
#Deleted in new
gi|224514628|ref|NT_167207.1|	331315	333528
#Deleted in new
gi|224514628|ref|NT_167207.1|	358790	361001
#Deleted in new
gi|224514628|ref|NT_167207.1|	372841	375009
#Deleted in new
gi|224514628|ref|NT_167207.1|	379921	382279
#Deleted in new
gi|224514628|ref|NT_167207.1|	396439	398693
#Deleted in new
gi|224514628|ref|NT_167207.1|	406415	408762
#Deleted in new
gi|89028421|ref|NT_113909.1|	11808	14139
#Deleted in new
gi|89028421|ref|NT_113909.1|	14650	17047
#Deleted in new
gi|89028421|ref|NT_113909.1|	21720	23945
#Deleted in new
gi|89028421|ref|NT_113909.1|	25775	28119
#Deleted in new
gi|89028417|ref|NT_113907.1|	15129	17463
#Deleted in new
gi|89028417|ref|NT_113907.1|	19060	23009
#Deleted in new
gi|89028417|ref|NT_113907.1|	29914	32288
#Deleted in new
gi|89030144|ref|NT_113911.1|	1476	5171
#Deleted in new
gi|89030144|ref|NT_113911.1|	8247	10607
#Deleted in new
gi|89030144|ref|NT_113911.1|	13142	15570
#Deleted in new
gi|89030144|ref|NT_113911.1|	14572	19049
#Deleted in new
gi|89030144|ref|NT_113911.1|	20090	23357
#Deleted in new
gi|89030144|ref|NT_113911.1|	25556	28827
#Deleted in new
gi|89056990|ref|NT_113949.1|	6827	10751
#Deleted in new
gi|89056990|ref|NT_113949.1|	10146	12389
#Deleted in new
gi|89056990|ref|NT_113949.1|	11753	14342
#Deleted in new
gi|89056990|ref|NT_113949.1|	22651	24899
#Deleted in new
gi|89056990|ref|NT_113949.1|	24890	26429
#Deleted in new
gi|89056990|ref|NT_113949.1|	30296	31450
#Deleted in new
gi|89056990|ref|NT_113949.1|	34456	35665
#Deleted in new
gi|89056990|ref|NT_113949.1|	41013	42919
#Deleted in new
gi|89056990|ref|NT_113949.1|	56118	61034
#Deleted in new
gi|89056990|ref|NT_113949.1|	61450	63707
#Deleted in new
gi|89056990|ref|NT_113949.1|	66907	68301
#Deleted in new
gi|89056990|ref|NT_113949.1|	69995	73126
#Deleted in new
gi|89056990|ref|NT_113949.1|	73170	74841
#Deleted in new
gi|89056990|ref|NT_113949.1|	114915	118149
#Deleted in new
gi|89056990|ref|NT_113949.1|	127497	128940
#Deleted in new
gi|89056990|ref|NT_113949.1|	132069	134318
#Deleted in new
gi|89056990|ref|NT_113949.1|	134174	135836
#Deleted in new
gi|89056990|ref|NT_113949.1|	147290	150427
#Deleted in new
gi|89056990|ref|NT_113949.1|	150148	152056
#Deleted in new
gi|89036899|ref|NT_113923.1|	129805	131029
#Deleted in new
gi|224514658|ref|NT_167208.1|	106882	109161
#Deleted in new
gi|224514658|ref|NT_167208.1|	137992	140369
#Deleted in new
gi|224514689|ref|NT_167211.1|	93723	95939
#Deleted in new
gi|224514643|ref|NT_167216.1|	10661	13200
#Deleted in new
gi|224514643|ref|NT_167216.1|	13187	17795
#Deleted in new
gi|224514643|ref|NT_167216.1|	20447	22742
#Deleted in new
gi|224514643|ref|NT_167216.1|	21954	24260
#Deleted in new
gi|224514643|ref|NT_167216.1|	86646	90154
#Deleted in new
gi|224514644|ref|NT_167217.1|	0	1609
#Deleted in new
gi|224514644|ref|NT_167217.1|	20870	24128
#Deleted in new
gi|224514644|ref|NT_167217.1|	23329	25629
#Deleted in new
gi|224514644|ref|NT_167217.1|	41696	44107
#Deleted in new
gi|224514644|ref|NT_167217.1|	46082	50170
#Deleted in new
gi|224514644|ref|NT_167217.1|	56129	59285
#Deleted in new
gi|224514644|ref|NT_167217.1|	63461	65830
#Deleted in new
gi|224514644|ref|NT_167217.1|	93475	97036
#Deleted in new
gi|224514644|ref|NT_167217.1|	97427	100176
#Deleted in new
gi|224514644|ref|NT_167217.1|	117975	120362
#Deleted in new
gi|224514644|ref|NT_167217.1|	159299	161606
#Deleted in new
gi|224514644|ref|NT_167217.1|	171813	174585
#Deleted in new
gi|224514644|ref|NT_167217.1|	177990	180955
#Deleted in new
gi|224514646|ref|NT_167219.1|	176328	178542
#Deleted in new
gi|224514649|ref|NT_167222.1|	29602	32924
#Deleted in new
gi|224514663|ref|NT_167235.1|	14951	17187
#Deleted in new
gi|224514666|ref|NT_167236.1|	11667	15451
#Deleted in new
gi|224514666|ref|NT_167236.1|	16365	18563
#Deleted in new
gi|224514666|ref|NT_167236.1|	22557	27457
#Deleted in new
gi|224514666|ref|NT_167236.1|	32934	35251
#Deleted in new
gi|224514675|ref|NT_167240.1|	12011	14738
#Deleted in new
gi|224514683|ref|NT_167243.1|	31305	34947
#Deleted in new
gi|224514683|ref|NT_167243.1|	36165	38458
