#Split in new
chr1	13331148	13331798
#Split in new
chr1	144676363	144678100
#Split in new
chr1	144679307	144680673
#Split in new
chr1	146056800	146057962
#Split in new
chr1	148329951	148330542
#Split in new
chr1	148587512	148588175
#Split in new
chr1	148749556	148750221
#Split in new
chr1	149675760	149677189
#Partially deleted in new
chr7	65171395	65171566
#Partially deleted in new
chr7	74469537	74472378
#Partially deleted in new
chr7	74473782	74475206
#Partially deleted in new
chr7	74771206	74772631
#Partially deleted in new
chr7	74774039	74776874
#Partially deleted in new
chr8	144940222	144940281
#Split in new
chr9	39721921	39723128
#Split in new
chr9	41325698	41326314
#Split in new
chr9	65585278	65586426
#Split in new
chr10	47173950	47175260
#Split in new
chr10	47190843	47200923
#Split in new
chr10	47200926	47214661
#Partially deleted in new
chr10	48006538	48007699
#Partially deleted in new
chr10	48024870	48026139
#Partially deleted in new
chr10	48032401	48033607
#Split in new
chr10	48941504	48942724
#Split in new
chr10	48942849	48944050
#Split in new
chr10	48954886	48955426
#Split in new
chr10	48955435	48955816
#Split in new
chr10	48955853	48956835
#Split in new
chr10	48956841	48957517
#Split in new
chr10	48957524	48958023
#Split in new
chr10	48958070	48958173
#Split in new
chr10	48958245	48960325
#Partially deleted in new
chr10	48972682	48973042
#Split in new
chr10	48976979	48977093
#Split in new
chr10	51370223	51372161
#Split in new
chr10	51373797	51375124
#Partially deleted in new
chr14	106572779	106573868
#Partially deleted in new
chr17	36465481	36465609
#Split in new
chr19	40389161	40390400
#Split in new
chr19	40391512	40393506
#Split in new
chr19	54723985	54725060
#Partially deleted in new
chrX	230247	231507
#Partially deleted in new
chrX	1314348	1315571
#Split in new
chrX	140084638	140085125
#Split in new
chrX	140085491	140085944
#Partially deleted in new
chrY	180247	181509
#Partially deleted in new
chrY	1264342	1265569
#Deleted in new
chrMT	4074	5111
#Deleted in new
gi|88944410|ref|NT_113878.1|	18837	18900
#Deleted in new
gi|88944410|ref|NT_113878.1|	37104	38181
#Deleted in new
gi|88944410|ref|NT_113878.1|	44257	45578
#Deleted in new
gi|88944410|ref|NT_113878.1|	48023	49275
#Deleted in new
gi|88944410|ref|NT_113878.1|	49438	50819
#Deleted in new
gi|224514628|ref|NT_167207.1|	55379	56308
#Deleted in new
gi|224514628|ref|NT_167207.1|	65766	68177
#Deleted in new
gi|224514628|ref|NT_167207.1|	68285	69521
#Deleted in new
gi|224514628|ref|NT_167207.1|	71643	73977
#Deleted in new
gi|224514628|ref|NT_167207.1|	74207	75410
#Deleted in new
gi|224514628|ref|NT_167207.1|	78623	79900
#Deleted in new
gi|224514628|ref|NT_167207.1|	88286	90207
#Deleted in new
gi|224514628|ref|NT_167207.1|	93657	94818
#Deleted in new
gi|224514628|ref|NT_167207.1|	96227	97511
#Deleted in new
gi|224514628|ref|NT_167207.1|	99121	101740
#Deleted in new
gi|224514628|ref|NT_167207.1|	101754	102954
#Deleted in new
gi|224514628|ref|NT_167207.1|	103782	105975
#Deleted in new
gi|224514628|ref|NT_167207.1|	110588	111852
#Deleted in new
gi|224514628|ref|NT_167207.1|	112918	114287
#Deleted in new
gi|224514628|ref|NT_167207.1|	117838	119392
#Deleted in new
gi|224514628|ref|NT_167207.1|	121200	122466
#Deleted in new
gi|224514628|ref|NT_167207.1|	122632	123753
#Deleted in new
gi|224514628|ref|NT_167207.1|	127991	129291
#Deleted in new
gi|224514628|ref|NT_167207.1|	130044	132051
#Deleted in new
gi|224514628|ref|NT_167207.1|	132842	134192
#Deleted in new
gi|224514628|ref|NT_167207.1|	134423	135612
#Deleted in new
gi|224514628|ref|NT_167207.1|	142385	143909
#Deleted in new
gi|224514628|ref|NT_167207.1|	146004	148268
#Deleted in new
gi|224514628|ref|NT_167207.1|	156900	158248
#Deleted in new
gi|224514628|ref|NT_167207.1|	159716	161065
#Deleted in new
gi|224514628|ref|NT_167207.1|	174574	175895
#Deleted in new
gi|224514628|ref|NT_167207.1|	177324	178374
#Deleted in new
gi|224514628|ref|NT_167207.1|	180393	181676
#Deleted in new
gi|224514628|ref|NT_167207.1|	189448	190591
#Deleted in new
gi|224514628|ref|NT_167207.1|	192552	193744
#Deleted in new
gi|224514628|ref|NT_167207.1|	196776	197927
#Deleted in new
gi|224514628|ref|NT_167207.1|	199032	200295
#Deleted in new
gi|224514628|ref|NT_167207.1|	201795	203034
#Deleted in new
gi|224514628|ref|NT_167207.1|	207656	208917
#Deleted in new
gi|224514628|ref|NT_167207.1|	210344	213589
#Deleted in new
gi|224514628|ref|NT_167207.1|	215997	217285
#Deleted in new
gi|224514628|ref|NT_167207.1|	218593	219706
#Deleted in new
gi|224514628|ref|NT_167207.1|	222356	223583
#Deleted in new
gi|224514628|ref|NT_167207.1|	224947	226768
#Deleted in new
gi|224514628|ref|NT_167207.1|	228381	230032
#Deleted in new
gi|224514628|ref|NT_167207.1|	261252	262785
#Deleted in new
gi|224514628|ref|NT_167207.1|	268501	269921
#Deleted in new
gi|224514628|ref|NT_167207.1|	271190	272529
#Deleted in new
gi|224514628|ref|NT_167207.1|	275251	276545
#Deleted in new
gi|224514628|ref|NT_167207.1|	303945	305301
#Deleted in new
gi|224514628|ref|NT_167207.1|	305647	306865
#Deleted in new
gi|224514628|ref|NT_167207.1|	323448	324601
#Deleted in new
gi|224514628|ref|NT_167207.1|	331815	333028
#Deleted in new
gi|224514628|ref|NT_167207.1|	359290	360501
#Deleted in new
gi|224514628|ref|NT_167207.1|	373341	374509
#Deleted in new
gi|224514628|ref|NT_167207.1|	380421	381779
#Deleted in new
gi|224514628|ref|NT_167207.1|	396939	398193
#Deleted in new
gi|224514628|ref|NT_167207.1|	406915	408262
#Deleted in new
gi|89028421|ref|NT_113909.1|	12308	13639
#Deleted in new
gi|89028421|ref|NT_113909.1|	15150	16547
#Deleted in new
gi|89028421|ref|NT_113909.1|	22220	23445
#Deleted in new
gi|89028421|ref|NT_113909.1|	26275	27619
#Deleted in new
gi|89028417|ref|NT_113907.1|	15629	16963
#Deleted in new
gi|89028417|ref|NT_113907.1|	19560	22509
#Deleted in new
gi|89028417|ref|NT_113907.1|	30414	31788
#Deleted in new
gi|89030144|ref|NT_113911.1|	1976	4671
#Deleted in new
gi|89030144|ref|NT_113911.1|	8747	10107
#Deleted in new
gi|89030144|ref|NT_113911.1|	13642	15070
#Deleted in new
gi|89030144|ref|NT_113911.1|	15072	18549
#Deleted in new
gi|89030144|ref|NT_113911.1|	20590	22857
#Deleted in new
gi|89030144|ref|NT_113911.1|	26056	28327
#Deleted in new
gi|89056990|ref|NT_113949.1|	7327	10251
#Deleted in new
gi|89056990|ref|NT_113949.1|	10646	11889
#Deleted in new
gi|89056990|ref|NT_113949.1|	12253	13842
#Deleted in new
gi|89056990|ref|NT_113949.1|	23151	24399
#Deleted in new
gi|89056990|ref|NT_113949.1|	25390	25929
#Deleted in new
gi|89056990|ref|NT_113949.1|	30796	30950
#Deleted in new
gi|89056990|ref|NT_113949.1|	34956	35165
#Deleted in new
gi|89056990|ref|NT_113949.1|	41513	42419
#Deleted in new
gi|89056990|ref|NT_113949.1|	56618	60534
#Deleted in new
gi|89056990|ref|NT_113949.1|	61950	63207
#Deleted in new
gi|89056990|ref|NT_113949.1|	67407	67801
#Deleted in new
gi|89056990|ref|NT_113949.1|	70495	72626
#Deleted in new
gi|89056990|ref|NT_113949.1|	73670	74341
#Deleted in new
gi|89056990|ref|NT_113949.1|	115415	117649
#Deleted in new
gi|89056990|ref|NT_113949.1|	127997	128440
#Deleted in new
gi|89056990|ref|NT_113949.1|	132569	133818
#Deleted in new
gi|89056990|ref|NT_113949.1|	134674	135336
#Deleted in new
gi|89056990|ref|NT_113949.1|	147790	149927
#Deleted in new
gi|89056990|ref|NT_113949.1|	150648	151556
#Deleted in new
gi|89036899|ref|NT_113923.1|	130305	130529
#Deleted in new
gi|224514658|ref|NT_167208.1|	107382	108661
#Deleted in new
gi|224514658|ref|NT_167208.1|	138492	139869
#Deleted in new
gi|224514689|ref|NT_167211.1|	94223	95439
#Deleted in new
gi|224514643|ref|NT_167216.1|	11161	12700
#Deleted in new
gi|224514643|ref|NT_167216.1|	13687	17295
#Deleted in new
gi|224514643|ref|NT_167216.1|	20947	22242
#Deleted in new
gi|224514643|ref|NT_167216.1|	22454	23760
#Deleted in new
gi|224514643|ref|NT_167216.1|	87146	89654
#Deleted in new
gi|224514644|ref|NT_167217.1|	0	1109
#Deleted in new
gi|224514644|ref|NT_167217.1|	21370	23628
#Deleted in new
gi|224514644|ref|NT_167217.1|	23829	25129
#Deleted in new
gi|224514644|ref|NT_167217.1|	42196	43607
#Deleted in new
gi|224514644|ref|NT_167217.1|	46582	49670
#Deleted in new
gi|224514644|ref|NT_167217.1|	56629	58785
#Deleted in new
gi|224514644|ref|NT_167217.1|	63961	65330
#Deleted in new
gi|224514644|ref|NT_167217.1|	93975	96536
#Deleted in new
gi|224514644|ref|NT_167217.1|	97927	99676
#Deleted in new
gi|224514644|ref|NT_167217.1|	118475	119862
#Deleted in new
gi|224514644|ref|NT_167217.1|	159799	161106
#Deleted in new
gi|224514644|ref|NT_167217.1|	172313	174085
#Deleted in new
gi|224514644|ref|NT_167217.1|	178490	180455
#Deleted in new
gi|224514646|ref|NT_167219.1|	176828	178042
#Deleted in new
gi|224514649|ref|NT_167222.1|	30102	32424
#Deleted in new
gi|224514663|ref|NT_167235.1|	15451	16687
#Deleted in new
gi|224514666|ref|NT_167236.1|	12167	14951
#Deleted in new
gi|224514666|ref|NT_167236.1|	16865	18063
#Deleted in new
gi|224514666|ref|NT_167236.1|	23057	26957
#Deleted in new
gi|224514666|ref|NT_167236.1|	33434	34751
#Deleted in new
gi|224514675|ref|NT_167240.1|	12511	14238
#Deleted in new
gi|224514683|ref|NT_167243.1|	31805	34447
#Deleted in new
gi|224514683|ref|NT_167243.1|	36665	37958
