#Partially deleted in new
chr8	144940222	144940281
#Deleted in new
gi|89028417|ref|NT_113907.1|	30414	31788
#Deleted in new
gi|88944410|ref|NT_113878.1|	37104	38181
#Deleted in new
gi|88944410|ref|NT_113878.1|	44256	45578
#Deleted in new
gi|89030144|ref|NT_113911.1|	1976	4671
#Deleted in new
gi|88944410|ref|NT_113878.1|	48022	49275
#Deleted in new
gi|89030144|ref|NT_113911.1|	10000	10107
#Deleted in new
gi|89030144|ref|NT_113911.1|	8747	9999
#Deleted in new
gi|89030144|ref|NT_113911.1|	13642	15070
#Deleted in new
gi|89030144|ref|NT_113911.1|	15073	18549
#Deleted in new
gi|89030144|ref|NT_113911.1|	20589	22857
#Deleted in new
gi|89030144|ref|NT_113911.1|	26055	28327
#Deleted in new
gi|88944410|ref|NT_113878.1|	49438	50819
#Split in new
chr9	39721924	39723128
#Deleted in new
chrMT	4082	5111
#Partially deleted in new
chrY	1264347	1265569
#Partially deleted in new
chrX	1314347	1315571
#Split in new
chrX	140084637	140085125
#Split in new
chrX	140084756	140085125
#Split in new
chrX	140085490	140085944
#Split in new
chrX	140085503	140085944
#Deleted in new
gi|89036899|ref|NT_113923.1|	130415	130529
#Partially deleted in new
chrY	180247	181509
#Partially deleted in new
chrX	230247	231507
#Deleted in new
gi|224514689|ref|NT_167211.1|	94262	95439
#Split in new
chr10	47174134	47175260
#Split in new
chr10	48942848	48944050
#Partially deleted in new
chr10	48006537	48007699
#Partially deleted in new
chr10	48024873	48026139
#Partially deleted in new
chr10	48032404	48033607
#Split in new
chr1	13331147	13331798
#Split in new
chr1	144676362	144678100
#Split in new
chr1	144679307	144680673
#Partially deleted in new
chr14	106572778	106573868
#Deleted in new
gi|224514628|ref|NT_167207.1|	55503	56308
#Deleted in new
gi|224514628|ref|NT_167207.1|	65775	68177
#Deleted in new
gi|224514628|ref|NT_167207.1|	68329	69521
#Deleted in new
gi|224514628|ref|NT_167207.1|	71642	73977
#Deleted in new
gi|224514628|ref|NT_167207.1|	74206	75410
#Split in new
chr1	148587534	148588175
#Split in new
chr1	148587512	148588175
#Split in new
chr1	148749556	148750221
#Split in new
chr1	148587512	148588175
#Deleted in new
gi|224514628|ref|NT_167207.1|	78627	79900
#Deleted in new
gi|224514628|ref|NT_167207.1|	88285	90207
#Deleted in new
gi|224514628|ref|NT_167207.1|	93662	94818
#Deleted in new
gi|224514628|ref|NT_167207.1|	96235	97511
#Deleted in new
gi|224514628|ref|NT_167207.1|	100000	101740
#Deleted in new
gi|224514628|ref|NT_167207.1|	99120	99999
#Deleted in new
gi|224514628|ref|NT_167207.1|	101753	102954
#Deleted in new
gi|224514628|ref|NT_167207.1|	103782	105975
#Deleted in new
gi|224514628|ref|NT_167207.1|	110588	111852
#Deleted in new
gi|224514628|ref|NT_167207.1|	112917	114287
#Deleted in new
gi|224514628|ref|NT_167207.1|	117838	119392
#Split in new
chr1	149675759	149677189
#Deleted in new
gi|224514628|ref|NT_167207.1|	121200	122466
#Deleted in new
gi|224514628|ref|NT_167207.1|	122632	123753
#Deleted in new
gi|224514628|ref|NT_167207.1|	127990	129291
#Deleted in new
gi|224514628|ref|NT_167207.1|	130044	132051
#Deleted in new
gi|224514628|ref|NT_167207.1|	132855	134192
#Deleted in new
gi|224514628|ref|NT_167207.1|	134423	135612
#Deleted in new
gi|224514628|ref|NT_167207.1|	142386	143909
#Deleted in new
gi|224514628|ref|NT_167207.1|	146003	148268
#Deleted in new
gi|224514628|ref|NT_167207.1|	156901	158248
#Deleted in new
gi|224514628|ref|NT_167207.1|	159715	161065
#Deleted in new
gi|224514628|ref|NT_167207.1|	174574	175895
#Deleted in new
gi|224514628|ref|NT_167207.1|	177323	178374
#Deleted in new
gi|224514628|ref|NT_167207.1|	180392	181676
#Deleted in new
gi|224514628|ref|NT_167207.1|	189447	190591
#Deleted in new
gi|224514628|ref|NT_167207.1|	192551	193744
#Deleted in new
gi|224514628|ref|NT_167207.1|	196776	197927
#Deleted in new
gi|224514628|ref|NT_167207.1|	199032	200295
#Deleted in new
gi|224514628|ref|NT_167207.1|	201795	203034
#Deleted in new
gi|224514628|ref|NT_167207.1|	207655	208917
#Deleted in new
gi|224514628|ref|NT_167207.1|	210344	213589
#Deleted in new
gi|224514628|ref|NT_167207.1|	215997	217285
#Deleted in new
gi|224514628|ref|NT_167207.1|	218593	219706
#Deleted in new
gi|224514628|ref|NT_167207.1|	222356	223583
#Deleted in new
gi|224514628|ref|NT_167207.1|	224949	226768
#Deleted in new
gi|224514628|ref|NT_167207.1|	228407	230032
#Deleted in new
gi|224514628|ref|NT_167207.1|	261251	262785
#Deleted in new
gi|224514628|ref|NT_167207.1|	268501	269921
#Deleted in new
gi|224514628|ref|NT_167207.1|	271189	272529
#Deleted in new
gi|224514628|ref|NT_167207.1|	275250	276545
#Deleted in new
gi|224514628|ref|NT_167207.1|	303944	305301
#Deleted in new
gi|224514628|ref|NT_167207.1|	305650	306865
#Deleted in new
gi|224514628|ref|NT_167207.1|	323447	324601
#Deleted in new
gi|224514628|ref|NT_167207.1|	331814	333028
#Deleted in new
gi|224514628|ref|NT_167207.1|	359290	360501
#Deleted in new
gi|224514628|ref|NT_167207.1|	373341	374509
#Deleted in new
gi|224514628|ref|NT_167207.1|	380420	381779
#Deleted in new
gi|224514628|ref|NT_167207.1|	396938	398193
#Deleted in new
gi|224514628|ref|NT_167207.1|	406915	408262
#Split in new
chr19	40389160	40390400
#Split in new
chr19	40391511	40393506
#Split in new
chr19	54723987	54725060
#Deleted in new
gi|89056990|ref|NT_113949.1|	10000	10251
#Deleted in new
gi|89056990|ref|NT_113949.1|	7328	9999
#Deleted in new
gi|89056990|ref|NT_113949.1|	10645	11889
#Deleted in new
gi|89056990|ref|NT_113949.1|	12257	13842
#Deleted in new
gi|89056990|ref|NT_113949.1|	134674	135336
#Deleted in new
gi|89056990|ref|NT_113949.1|	25389	25929
#Deleted in new
gi|89056990|ref|NT_113949.1|	41704	42419
#Deleted in new
gi|89056990|ref|NT_113949.1|	30795	30950
#Deleted in new
gi|89056990|ref|NT_113949.1|	115415	117649
#Deleted in new
gi|89056990|ref|NT_113949.1|	132568	133818
#Deleted in new
gi|89056990|ref|NT_113949.1|	23150	24399
#Deleted in new
gi|89056990|ref|NT_113949.1|	128086	128440
#Deleted in new
gi|89056990|ref|NT_113949.1|	34955	35165
#Deleted in new
gi|89056990|ref|NT_113949.1|	56617	60534
#Deleted in new
gi|89056990|ref|NT_113949.1|	61950	63207
#Deleted in new
gi|89056990|ref|NT_113949.1|	67407	67801
#Deleted in new
gi|89056990|ref|NT_113949.1|	147789	149927
#Deleted in new
gi|89056990|ref|NT_113949.1|	70501	72626
#Deleted in new
gi|89056990|ref|NT_113949.1|	150647	151556
#Deleted in new
gi|89056990|ref|NT_113949.1|	73669	74341
#Deleted in new
gi|224514666|ref|NT_167236.1|	12166	14951
#Deleted in new
gi|224514666|ref|NT_167236.1|	16864	18063
#Deleted in new
gi|224514666|ref|NT_167236.1|	23056	26957
#Deleted in new
gi|224514666|ref|NT_167236.1|	33434	34751
#Deleted in new
gi|224514683|ref|NT_167243.1|	31804	34447
#Deleted in new
gi|224514683|ref|NT_167243.1|	36665	37958
