#Deleted in new
chr10	47174051	47174052
#Deleted in new
chr10	47174052	47174053
#Deleted in new
chr10	47174053	47174054
#Deleted in new
chr10	47174054	47174055
#Deleted in new
chr10	47174055	47174056
#Deleted in new
chr10	47174056	47174057
#Deleted in new
chr10	47174057	47174058
#Deleted in new
chr10	47174058	47174059
#Deleted in new
chr10	47174059	47174060
#Deleted in new
chr10	47174060	47174061
#Deleted in new
chr10	47174061	47174062
#Deleted in new
chr10	47174062	47174063
#Deleted in new
chr10	47174063	47174064
#Deleted in new
chr10	47174064	47174065
#Deleted in new
chr10	47191704	47191705
#Deleted in new
chr10	47193927	47193928
#Deleted in new
chr10	47200920	47200921
#Deleted in new
chr10	47200921	47200922
#Deleted in new
chr10	47200922	47200923
#Deleted in new
chr10	47210849	47210850
#Deleted in new
chr10	47742227	47742228
#Deleted in new
chr10	47742228	47742229
#Deleted in new
chr10	47742229	47742230
#Deleted in new
chr10	47742230	47742231
#Deleted in new
chr10	47742231	47742232
#Deleted in new
chr10	47742232	47742233
#Deleted in new
chr10	47742233	47742234
#Deleted in new
chr10	47742234	47742235
#Deleted in new
chr10	47742235	47742236
#Deleted in new
chr10	47742236	47742237
#Deleted in new
chr10	47742239	47742240
#Deleted in new
chr10	48021005	48021006
#Deleted in new
chr10	48021006	48021007
#Deleted in new
chr10	48021007	48021008
#Deleted in new
chr10	48021008	48021009
#Deleted in new
chr10	48021009	48021010
#Deleted in new
chr10	48021010	48021011
#Deleted in new
chr10	48021011	48021012
#Deleted in new
chr10	48021012	48021013
#Deleted in new
chr1	120904944	120904945
#Deleted in new
chr1	120904945	120904946
#Deleted in new
chr1	120904946	120904947
#Deleted in new
chr1	120904947	120904948
#Deleted in new
chr1	120904948	120904949
#Deleted in new
chr1	120904949	120904950
#Deleted in new
chr1	13744366	13744367
#Deleted in new
chr1	13744367	13744368
#Deleted in new
chr1	13744368	13744369
#Deleted in new
chr1	13744369	13744370
#Deleted in new
chr1	13744370	13744371
#Deleted in new
chr1	13744371	13744372
#Deleted in new
chr1	13744372	13744373
#Deleted in new
chr1	13744373	13744374
#Deleted in new
chr1	13744374	13744375
#Deleted in new
chr1	13744375	13744376
#Deleted in new
chr1	13744376	13744377
#Deleted in new
chr1	13744377	13744378
#Deleted in new
chr1	13744378	13744379
#Deleted in new
chr1	13744379	13744380
#Deleted in new
chr1	13744380	13744381
#Deleted in new
chr1	13744381	13744382
#Deleted in new
chr1	13744382	13744383
#Deleted in new
chr1	13744383	13744384
#Deleted in new
chr1	13744384	13744385
#Deleted in new
chr1	145209639	145209640
#Deleted in new
chr1	145209640	145209641
#Deleted in new
chr1	145209641	145209642
#Deleted in new
chr1	146333574	146333575
#Deleted in new
chr1	146333577	146333578
#Deleted in new
chr1	146333578	146333579
#Deleted in new
chr1	146333579	146333580
#Deleted in new
chr1	146333583	146333584
#Deleted in new
chr1	146333584	146333585
#Deleted in new
chr1	146333585	146333586
#Deleted in new
chr1	146333586	146333587
#Deleted in new
chr1	146333589	146333590
#Deleted in new
chr1	146333591	146333592
#Deleted in new
chr1	146333593	146333594
#Deleted in new
chr1	146333596	146333597
#Deleted in new
chr1	146333597	146333598
#Deleted in new
chr1	146333598	146333599
#Deleted in new
chr1	146333599	146333600
#Deleted in new
chr1	146333600	146333601
#Deleted in new
chr1	146333601	146333602
#Deleted in new
chr1	146333602	146333603
#Deleted in new
chr1	146333603	146333604
#Deleted in new
chr1	146333604	146333605
#Deleted in new
chr14	106573351	106573352
#Deleted in new
chr14	106573353	106573354
#Deleted in new
chr14	106573356	106573357
#Deleted in new
chr14	106573357	106573358
#Deleted in new
chr14	106573360	106573361
#Deleted in new
chr14	106573363	106573364
#Deleted in new
chr15	82829645	82829646
#Deleted in new
chr15	82829646	82829647
#Deleted in new
chr15	82829647	82829648
#Deleted in new
chr15	82829648	82829649
#Deleted in new
chr15	82829649	82829650
#Deleted in new
chr15	82829650	82829651
#Deleted in new
chr15	82829651	82829652
#Deleted in new
chr15	82829652	82829653
#Deleted in new
chr15	82829653	82829654
#Deleted in new
chr15	82829654	82829655
#Deleted in new
chr15	82829655	82829656
#Deleted in new
chr15	82829656	82829657
#Deleted in new
chr15	82829657	82829658
#Deleted in new
chr15	82829658	82829659
#Deleted in new
chr15	82829659	82829660
#Deleted in new
chr15	82829660	82829661
#Deleted in new
chr15	82829661	82829662
#Deleted in new
chr15	82829662	82829663
#Deleted in new
chr15	82829663	82829664
#Deleted in new
chr15	82829664	82829665
#Deleted in new
chr15	82829665	82829666
#Deleted in new
chr15	82829666	82829667
#Deleted in new
chr15	82829667	82829668
#Deleted in new
chr15	82829668	82829669
#Deleted in new
chr15	82829669	82829670
#Deleted in new
chr15	82829670	82829671
#Deleted in new
chr15	82829671	82829672
#Deleted in new
chr15	82829672	82829673
#Deleted in new
chr15	82829673	82829674
#Deleted in new
chr15	82829674	82829675
#Deleted in new
chr15	82829675	82829676
#Deleted in new
chr15	82829676	82829677
#Deleted in new
chr15	82829677	82829678
#Deleted in new
chr15	82829678	82829679
#Deleted in new
chr15	82829679	82829680
#Deleted in new
chr15	82829680	82829681
#Deleted in new
chr15	82829681	82829682
#Deleted in new
chr15	82829682	82829683
#Deleted in new
chr15	82829683	82829684
#Deleted in new
chr15	82829684	82829685
#Deleted in new
chr15	82829685	82829686
#Deleted in new
chr15	82829686	82829687
#Deleted in new
chr15	82829687	82829688
#Deleted in new
chr15	82829688	82829689
#Deleted in new
chr15	82829689	82829690
#Deleted in new
chr15	82829690	82829691
#Deleted in new
chr15	82829691	82829692
#Deleted in new
chr15	82829692	82829693
#Deleted in new
chr15	82829693	82829694
#Deleted in new
chr15	82829694	82829695
#Deleted in new
chr15	82829695	82829696
#Deleted in new
chr15	82829696	82829697
#Deleted in new
chr15	82829697	82829698
#Deleted in new
chr15	82829698	82829699
#Deleted in new
chr15	82829699	82829700
#Deleted in new
chr15	82829700	82829701
#Deleted in new
chr15	82829701	82829702
#Deleted in new
chr15	82829702	82829703
#Deleted in new
chr15	82829703	82829704
#Deleted in new
chr15	82829704	82829705
#Deleted in new
chr15	82829705	82829706
#Deleted in new
chr15	82829706	82829707
#Deleted in new
chr15	82829707	82829708
#Deleted in new
chr15	82829708	82829709
#Deleted in new
chr15	82829709	82829710
#Deleted in new
chr15	82829710	82829711
#Deleted in new
chr15	82829711	82829712
#Deleted in new
chr15	82829712	82829713
#Deleted in new
chr15	82829713	82829714
#Deleted in new
chr15	82829714	82829715
#Deleted in new
chr15	82829715	82829716
#Deleted in new
chr15	82829717	82829718
#Deleted in new
chr17	36352536	36352537
#Deleted in new
chr17	36352571	36352572
#Deleted in new
chr17	36358189	36358190
#Deleted in new
chr17	36358190	36358191
#Deleted in new
chr17	36358191	36358192
#Deleted in new
chr17	36358192	36358193
#Deleted in new
chr17	36358193	36358194
#Deleted in new
chr17	36358194	36358195
#Deleted in new
chr17	36358195	36358196
#Deleted in new
chr17	36358196	36358197
#Deleted in new
chr17	36458471	36458472
#Deleted in new
chr17	36458472	36458473
#Deleted in new
chr17	36458473	36458474
#Deleted in new
chr17	36458474	36458475
#Deleted in new
chr17	36458475	36458476
#Deleted in new
chr19	54744357	54744358
#Deleted in new
chr19	54744359	54744360
#Deleted in new
chr19	54744360	54744361
#Deleted in new
chr19	54744362	54744363
#Deleted in new
chr19	54744365	54744366
#Deleted in new
chr19	54745506	54745507
#Deleted in new
chr19	54745507	54745508
#Deleted in new
chr19	54745549	54745550
#Deleted in new
chr21	46020667	46020668
#Deleted in new
chr21	46020668	46020669
#Deleted in new
chr21	46020669	46020670
#Deleted in new
chr22	42538461	42538462
#Deleted in new
chr22	42538464	42538465
#Deleted in new
chr22	42538465	42538466
#Deleted in new
chr22	42538466	42538467
#Deleted in new
chr22	42538469	42538470
#Deleted in new
chr2	90538253	90538254
#Deleted in new
chr7	74224012	74224013
#Deleted in new
chr7	74245003	74245004
#Deleted in new
chr7	74245004	74245005
#Deleted in new
chr7	74245005	74245006
#Deleted in new
chr7	74245006	74245007
#Deleted in new
chr7	74245007	74245008
#Deleted in new
chr7	74245008	74245009
#Deleted in new
chr7	74245009	74245010
#Deleted in new
chr7	74245010	74245011
#Deleted in new
chr9	43875525	43875526
#Deleted in new
chr9	43875527	43875528
#Deleted in new
chr9	43875528	43875529
#Deleted in new
chr9	43875529	43875530
#Deleted in new
chr9	43875530	43875531
#Deleted in new
chrMT	4073	4074
#Deleted in new
chrMT	4074	4075
#Deleted in new
chrMT	4075	4076
#Deleted in new
chrMT	4076	4077
#Deleted in new
chrMT	4077	4078
#Deleted in new
chrMT	4078	4079
#Deleted in new
chrMT	4079	4080
#Deleted in new
chrMT	4080	4081
#Deleted in new
chrMT	4081	4082
#Deleted in new
chrX	151870054	151870055
#Deleted in new
chrX	151935421	151935422
#Deleted in new
chrX	151935449	151935450
#Deleted in new
chrX	151935699	151935700
#Deleted in new
chrX	151935700	151935701
#Deleted in new
chrY	14491310	14491311
#Deleted in new
chrY	14491312	14491313
#Deleted in new
chrY	14491313	14491314
#Deleted in new
chrY	14491317	14491318
#Deleted in new
chrY	14491318	14491319
#Deleted in new
chrY	14491319	14491320
#Deleted in new
chrY	14491320	14491321
#Deleted in new
gi|224514628|ref|NT_167207.1|	132841	132842
#Deleted in new
gi|224514628|ref|NT_167207.1|	132842	132843
#Deleted in new
gi|224514628|ref|NT_167207.1|	132843	132844
#Deleted in new
gi|224514628|ref|NT_167207.1|	132844	132845
#Deleted in new
gi|224514628|ref|NT_167207.1|	132845	132846
#Deleted in new
gi|224514628|ref|NT_167207.1|	132846	132847
#Deleted in new
gi|224514628|ref|NT_167207.1|	132847	132848
#Deleted in new
gi|224514628|ref|NT_167207.1|	132848	132849
#Deleted in new
gi|224514628|ref|NT_167207.1|	132849	132850
#Deleted in new
gi|224514628|ref|NT_167207.1|	132850	132851
#Deleted in new
gi|224514628|ref|NT_167207.1|	132851	132852
#Deleted in new
gi|224514628|ref|NT_167207.1|	132852	132853
#Deleted in new
gi|224514628|ref|NT_167207.1|	132853	132854
#Deleted in new
gi|224514628|ref|NT_167207.1|	132854	132855
#Deleted in new
gi|224514628|ref|NT_167207.1|	228380	228381
#Deleted in new
gi|224514628|ref|NT_167207.1|	228381	228382
#Deleted in new
gi|224514628|ref|NT_167207.1|	228382	228383
#Deleted in new
gi|224514628|ref|NT_167207.1|	228383	228384
#Deleted in new
gi|224514628|ref|NT_167207.1|	228384	228385
#Deleted in new
gi|224514628|ref|NT_167207.1|	228385	228386
#Deleted in new
gi|224514628|ref|NT_167207.1|	228386	228387
#Deleted in new
gi|224514628|ref|NT_167207.1|	228387	228388
#Deleted in new
gi|224514628|ref|NT_167207.1|	228388	228389
#Deleted in new
gi|224514628|ref|NT_167207.1|	228389	228390
#Deleted in new
gi|224514628|ref|NT_167207.1|	228390	228391
#Deleted in new
gi|224514628|ref|NT_167207.1|	228391	228392
#Deleted in new
gi|224514628|ref|NT_167207.1|	228392	228393
#Deleted in new
gi|224514628|ref|NT_167207.1|	228393	228394
#Deleted in new
gi|224514628|ref|NT_167207.1|	228394	228395
#Deleted in new
gi|224514628|ref|NT_167207.1|	228395	228396
#Deleted in new
gi|224514628|ref|NT_167207.1|	228396	228397
#Deleted in new
gi|224514628|ref|NT_167207.1|	228397	228398
#Deleted in new
gi|224514628|ref|NT_167207.1|	228398	228399
#Deleted in new
gi|224514628|ref|NT_167207.1|	228399	228400
#Deleted in new
gi|224514628|ref|NT_167207.1|	228400	228401
#Deleted in new
gi|224514628|ref|NT_167207.1|	228401	228402
#Deleted in new
gi|224514628|ref|NT_167207.1|	228402	228403
#Deleted in new
gi|224514628|ref|NT_167207.1|	228403	228404
#Deleted in new
gi|224514628|ref|NT_167207.1|	228404	228405
#Deleted in new
gi|224514628|ref|NT_167207.1|	228405	228406
#Deleted in new
gi|224514628|ref|NT_167207.1|	228406	228407
#Deleted in new
gi|224514628|ref|NT_167207.1|	275269	275270
#Deleted in new
gi|224514628|ref|NT_167207.1|	275274	275275
#Deleted in new
gi|224514628|ref|NT_167207.1|	275275	275276
#Deleted in new
gi|224514628|ref|NT_167207.1|	275276	275277
#Deleted in new
gi|224514628|ref|NT_167207.1|	275277	275278
#Deleted in new
gi|224514628|ref|NT_167207.1|	275278	275279
#Deleted in new
gi|224514628|ref|NT_167207.1|	275279	275280
#Deleted in new
gi|224514628|ref|NT_167207.1|	275280	275281
#Deleted in new
gi|224514628|ref|NT_167207.1|	275281	275282
#Deleted in new
gi|224514628|ref|NT_167207.1|	275282	275283
#Deleted in new
gi|224514628|ref|NT_167207.1|	275283	275284
#Deleted in new
gi|224514628|ref|NT_167207.1|	55378	55379
#Deleted in new
gi|224514628|ref|NT_167207.1|	55379	55380
#Deleted in new
gi|224514628|ref|NT_167207.1|	55380	55381
#Deleted in new
gi|224514628|ref|NT_167207.1|	55381	55382
#Deleted in new
gi|224514628|ref|NT_167207.1|	55382	55383
#Deleted in new
gi|224514628|ref|NT_167207.1|	55383	55384
#Deleted in new
gi|224514628|ref|NT_167207.1|	55384	55385
#Deleted in new
gi|224514628|ref|NT_167207.1|	55385	55386
#Deleted in new
gi|224514628|ref|NT_167207.1|	55386	55387
#Deleted in new
gi|224514628|ref|NT_167207.1|	55387	55388
#Deleted in new
gi|224514628|ref|NT_167207.1|	55388	55389
#Deleted in new
gi|224514628|ref|NT_167207.1|	55389	55390
#Deleted in new
gi|224514628|ref|NT_167207.1|	55390	55391
#Deleted in new
gi|224514628|ref|NT_167207.1|	55391	55392
#Deleted in new
gi|224514628|ref|NT_167207.1|	55392	55393
#Deleted in new
gi|224514628|ref|NT_167207.1|	55393	55394
#Deleted in new
gi|224514628|ref|NT_167207.1|	55394	55395
#Deleted in new
gi|224514628|ref|NT_167207.1|	55395	55396
#Deleted in new
gi|224514628|ref|NT_167207.1|	55396	55397
#Deleted in new
gi|224514628|ref|NT_167207.1|	55397	55398
#Deleted in new
gi|224514628|ref|NT_167207.1|	55398	55399
#Deleted in new
gi|224514628|ref|NT_167207.1|	55399	55400
#Deleted in new
gi|224514628|ref|NT_167207.1|	55400	55401
#Deleted in new
gi|224514628|ref|NT_167207.1|	55401	55402
#Deleted in new
gi|224514628|ref|NT_167207.1|	55402	55403
#Deleted in new
gi|224514628|ref|NT_167207.1|	55403	55404
#Deleted in new
gi|224514628|ref|NT_167207.1|	55404	55405
#Deleted in new
gi|224514628|ref|NT_167207.1|	55405	55406
#Deleted in new
gi|224514628|ref|NT_167207.1|	55406	55407
#Deleted in new
gi|224514628|ref|NT_167207.1|	55407	55408
#Deleted in new
gi|224514628|ref|NT_167207.1|	55408	55409
#Deleted in new
gi|224514628|ref|NT_167207.1|	55409	55410
#Deleted in new
gi|224514628|ref|NT_167207.1|	55410	55411
#Deleted in new
gi|224514628|ref|NT_167207.1|	55411	55412
#Deleted in new
gi|224514628|ref|NT_167207.1|	55412	55413
#Deleted in new
gi|224514628|ref|NT_167207.1|	55413	55414
#Deleted in new
gi|224514628|ref|NT_167207.1|	55414	55415
#Deleted in new
gi|224514628|ref|NT_167207.1|	55415	55416
#Deleted in new
gi|224514628|ref|NT_167207.1|	55416	55417
#Deleted in new
gi|224514628|ref|NT_167207.1|	55417	55418
#Deleted in new
gi|224514628|ref|NT_167207.1|	55418	55419
#Deleted in new
gi|224514628|ref|NT_167207.1|	55419	55420
#Deleted in new
gi|224514628|ref|NT_167207.1|	55420	55421
#Deleted in new
gi|224514628|ref|NT_167207.1|	55421	55422
#Deleted in new
gi|224514628|ref|NT_167207.1|	55422	55423
#Deleted in new
gi|224514628|ref|NT_167207.1|	55423	55424
#Deleted in new
gi|224514628|ref|NT_167207.1|	55424	55425
#Deleted in new
gi|224514628|ref|NT_167207.1|	55425	55426
#Deleted in new
gi|224514628|ref|NT_167207.1|	55426	55427
#Deleted in new
gi|224514628|ref|NT_167207.1|	55427	55428
#Deleted in new
gi|224514628|ref|NT_167207.1|	55428	55429
#Deleted in new
gi|224514628|ref|NT_167207.1|	55429	55430
#Deleted in new
gi|224514628|ref|NT_167207.1|	55430	55431
#Deleted in new
gi|224514628|ref|NT_167207.1|	55431	55432
#Deleted in new
gi|224514628|ref|NT_167207.1|	55432	55433
#Deleted in new
gi|224514628|ref|NT_167207.1|	55433	55434
#Deleted in new
gi|224514628|ref|NT_167207.1|	55434	55435
#Deleted in new
gi|224514628|ref|NT_167207.1|	55435	55436
#Deleted in new
gi|224514628|ref|NT_167207.1|	55436	55437
#Deleted in new
gi|224514628|ref|NT_167207.1|	55437	55438
#Deleted in new
gi|224514628|ref|NT_167207.1|	55438	55439
#Deleted in new
gi|224514628|ref|NT_167207.1|	55439	55440
#Deleted in new
gi|224514628|ref|NT_167207.1|	55440	55441
#Deleted in new
gi|224514628|ref|NT_167207.1|	55441	55442
#Deleted in new
gi|224514628|ref|NT_167207.1|	55442	55443
#Deleted in new
gi|224514628|ref|NT_167207.1|	55443	55444
#Deleted in new
gi|224514628|ref|NT_167207.1|	55444	55445
#Deleted in new
gi|224514628|ref|NT_167207.1|	55445	55446
#Deleted in new
gi|224514628|ref|NT_167207.1|	55446	55447
#Deleted in new
gi|224514628|ref|NT_167207.1|	55447	55448
#Deleted in new
gi|224514628|ref|NT_167207.1|	55448	55449
#Deleted in new
gi|224514628|ref|NT_167207.1|	55449	55450
#Deleted in new
gi|224514628|ref|NT_167207.1|	55450	55451
#Deleted in new
gi|224514628|ref|NT_167207.1|	55451	55452
#Deleted in new
gi|224514628|ref|NT_167207.1|	55452	55453
#Deleted in new
gi|224514628|ref|NT_167207.1|	55453	55454
#Deleted in new
gi|224514628|ref|NT_167207.1|	55454	55455
#Deleted in new
gi|224514628|ref|NT_167207.1|	55455	55456
#Deleted in new
gi|224514628|ref|NT_167207.1|	55456	55457
#Deleted in new
gi|224514628|ref|NT_167207.1|	55457	55458
#Deleted in new
gi|224514628|ref|NT_167207.1|	55458	55459
#Deleted in new
gi|224514628|ref|NT_167207.1|	55459	55460
#Deleted in new
gi|224514628|ref|NT_167207.1|	55460	55461
#Deleted in new
gi|224514628|ref|NT_167207.1|	55461	55462
#Deleted in new
gi|224514628|ref|NT_167207.1|	55462	55463
#Deleted in new
gi|224514628|ref|NT_167207.1|	55463	55464
#Deleted in new
gi|224514628|ref|NT_167207.1|	55464	55465
#Deleted in new
gi|224514628|ref|NT_167207.1|	55465	55466
#Deleted in new
gi|224514628|ref|NT_167207.1|	55466	55467
#Deleted in new
gi|224514628|ref|NT_167207.1|	55467	55468
#Deleted in new
gi|224514628|ref|NT_167207.1|	55468	55469
#Deleted in new
gi|224514628|ref|NT_167207.1|	55469	55470
#Deleted in new
gi|224514628|ref|NT_167207.1|	55470	55471
#Deleted in new
gi|224514628|ref|NT_167207.1|	55471	55472
#Deleted in new
gi|224514628|ref|NT_167207.1|	55472	55473
#Deleted in new
gi|224514628|ref|NT_167207.1|	55473	55474
#Deleted in new
gi|224514628|ref|NT_167207.1|	55474	55475
#Deleted in new
gi|224514628|ref|NT_167207.1|	55475	55476
#Deleted in new
gi|224514628|ref|NT_167207.1|	55476	55477
#Deleted in new
gi|224514628|ref|NT_167207.1|	55477	55478
#Deleted in new
gi|224514628|ref|NT_167207.1|	55478	55479
#Deleted in new
gi|224514628|ref|NT_167207.1|	55479	55480
#Deleted in new
gi|224514628|ref|NT_167207.1|	55480	55481
#Deleted in new
gi|224514628|ref|NT_167207.1|	55481	55482
#Deleted in new
gi|224514628|ref|NT_167207.1|	55482	55483
#Deleted in new
gi|224514628|ref|NT_167207.1|	55483	55484
#Deleted in new
gi|224514628|ref|NT_167207.1|	55484	55485
#Deleted in new
gi|224514628|ref|NT_167207.1|	55485	55486
#Deleted in new
gi|224514628|ref|NT_167207.1|	55486	55487
#Deleted in new
gi|224514628|ref|NT_167207.1|	55487	55488
#Deleted in new
gi|224514628|ref|NT_167207.1|	55488	55489
#Deleted in new
gi|224514628|ref|NT_167207.1|	55489	55490
#Deleted in new
gi|224514628|ref|NT_167207.1|	55490	55491
#Deleted in new
gi|224514628|ref|NT_167207.1|	55491	55492
#Deleted in new
gi|224514628|ref|NT_167207.1|	55492	55493
#Deleted in new
gi|224514628|ref|NT_167207.1|	55493	55494
#Deleted in new
gi|224514628|ref|NT_167207.1|	55494	55495
#Deleted in new
gi|224514628|ref|NT_167207.1|	55495	55496
#Deleted in new
gi|224514628|ref|NT_167207.1|	55496	55497
#Deleted in new
gi|224514628|ref|NT_167207.1|	55497	55498
#Deleted in new
gi|224514628|ref|NT_167207.1|	55498	55499
#Deleted in new
gi|224514628|ref|NT_167207.1|	55499	55500
#Deleted in new
gi|224514628|ref|NT_167207.1|	55500	55501
#Deleted in new
gi|224514628|ref|NT_167207.1|	55501	55502
#Deleted in new
gi|224514628|ref|NT_167207.1|	55502	55503
#Deleted in new
gi|224514628|ref|NT_167207.1|	56277	56278
#Deleted in new
gi|224514628|ref|NT_167207.1|	56281	56282
#Deleted in new
gi|224514628|ref|NT_167207.1|	56283	56284
#Deleted in new
gi|224514628|ref|NT_167207.1|	56284	56285
#Deleted in new
gi|224514628|ref|NT_167207.1|	56285	56286
#Deleted in new
gi|224514628|ref|NT_167207.1|	56286	56287
#Deleted in new
gi|224514628|ref|NT_167207.1|	56287	56288
#Deleted in new
gi|224514628|ref|NT_167207.1|	56288	56289
#Deleted in new
gi|224514628|ref|NT_167207.1|	56289	56290
#Deleted in new
gi|224514628|ref|NT_167207.1|	56290	56291
#Deleted in new
gi|224514628|ref|NT_167207.1|	56291	56292
#Deleted in new
gi|224514628|ref|NT_167207.1|	56294	56295
#Deleted in new
gi|224514628|ref|NT_167207.1|	56296	56297
#Deleted in new
gi|224514628|ref|NT_167207.1|	56298	56299
#Deleted in new
gi|224514628|ref|NT_167207.1|	56301	56302
#Deleted in new
gi|224514628|ref|NT_167207.1|	56302	56303
#Deleted in new
gi|224514628|ref|NT_167207.1|	56303	56304
#Deleted in new
gi|224514628|ref|NT_167207.1|	56304	56305
#Deleted in new
gi|224514628|ref|NT_167207.1|	56307	56308
#Deleted in new
gi|224514628|ref|NT_167207.1|	65765	65766
#Deleted in new
gi|224514628|ref|NT_167207.1|	65766	65767
#Deleted in new
gi|224514628|ref|NT_167207.1|	65767	65768
#Deleted in new
gi|224514628|ref|NT_167207.1|	65768	65769
#Deleted in new
gi|224514628|ref|NT_167207.1|	65769	65770
#Deleted in new
gi|224514628|ref|NT_167207.1|	65770	65771
#Deleted in new
gi|224514628|ref|NT_167207.1|	65771	65772
#Deleted in new
gi|224514628|ref|NT_167207.1|	65772	65773
#Deleted in new
gi|224514628|ref|NT_167207.1|	65773	65774
#Deleted in new
gi|224514628|ref|NT_167207.1|	65774	65775
#Deleted in new
gi|224514628|ref|NT_167207.1|	78622	78623
#Deleted in new
gi|224514628|ref|NT_167207.1|	78623	78624
#Deleted in new
gi|224514628|ref|NT_167207.1|	78624	78625
#Deleted in new
gi|224514628|ref|NT_167207.1|	78625	78626
#Deleted in new
gi|224514628|ref|NT_167207.1|	78626	78627
#Deleted in new
gi|224514628|ref|NT_167207.1|	93656	93657
#Deleted in new
gi|224514628|ref|NT_167207.1|	93657	93658
#Deleted in new
gi|224514628|ref|NT_167207.1|	93658	93659
#Deleted in new
gi|224514628|ref|NT_167207.1|	93659	93660
#Deleted in new
gi|224514628|ref|NT_167207.1|	93660	93661
#Deleted in new
gi|224514628|ref|NT_167207.1|	93661	93662
#Deleted in new
gi|224514643|ref|NT_167216.1|	20946	20947
#Deleted in new
gi|224514643|ref|NT_167216.1|	20947	20948
#Deleted in new
gi|224514643|ref|NT_167216.1|	20948	20949
#Deleted in new
gi|224514643|ref|NT_167216.1|	20949	20950
#Deleted in new
gi|224514643|ref|NT_167216.1|	20950	20951
#Deleted in new
gi|224514646|ref|NT_167219.1|	176827	176828
#Deleted in new
gi|224514646|ref|NT_167219.1|	176828	176829
#Deleted in new
gi|224514646|ref|NT_167219.1|	176829	176830
#Deleted in new
gi|224514646|ref|NT_167219.1|	176830	176831
#Deleted in new
gi|224514646|ref|NT_167219.1|	176831	176832
#Deleted in new
gi|224514646|ref|NT_167219.1|	176832	176833
#Deleted in new
gi|224514646|ref|NT_167219.1|	176833	176834
#Deleted in new
gi|224514646|ref|NT_167219.1|	176834	176835
#Deleted in new
gi|224514646|ref|NT_167219.1|	176835	176836
#Deleted in new
gi|224514646|ref|NT_167219.1|	176836	176837
#Deleted in new
gi|224514646|ref|NT_167219.1|	176837	176838
#Deleted in new
gi|224514646|ref|NT_167219.1|	176843	176844
#Deleted in new
gi|224514646|ref|NT_167219.1|	176845	176846
#Deleted in new
gi|224514649|ref|NT_167222.1|	30161	30162
#Deleted in new
gi|224514649|ref|NT_167222.1|	30163	30164
#Deleted in new
gi|224514649|ref|NT_167222.1|	30164	30165
#Deleted in new
gi|224514649|ref|NT_167222.1|	30165	30166
#Deleted in new
gi|224514649|ref|NT_167222.1|	30166	30167
#Deleted in new
gi|224514649|ref|NT_167222.1|	30167	30168
#Deleted in new
gi|224514649|ref|NT_167222.1|	30168	30169
#Deleted in new
gi|224514649|ref|NT_167222.1|	30169	30170
#Deleted in new
gi|224514649|ref|NT_167222.1|	30170	30171
#Deleted in new
gi|224514649|ref|NT_167222.1|	30171	30172
#Deleted in new
gi|224514649|ref|NT_167222.1|	30172	30173
#Deleted in new
gi|224514649|ref|NT_167222.1|	30176	30177
#Deleted in new
gi|224514658|ref|NT_167208.1|	107381	107382
#Deleted in new
gi|224514658|ref|NT_167208.1|	107382	107383
#Deleted in new
gi|224514658|ref|NT_167208.1|	107383	107384
#Deleted in new
gi|224514658|ref|NT_167208.1|	107384	107385
#Deleted in new
gi|224514658|ref|NT_167208.1|	107385	107386
#Deleted in new
gi|224514658|ref|NT_167208.1|	107386	107387
#Deleted in new
gi|224514658|ref|NT_167208.1|	107387	107388
#Deleted in new
gi|224514658|ref|NT_167208.1|	107388	107389
#Deleted in new
gi|224514658|ref|NT_167208.1|	107389	107390
#Deleted in new
gi|224514658|ref|NT_167208.1|	107390	107391
#Deleted in new
gi|224514658|ref|NT_167208.1|	107391	107392
#Deleted in new
gi|224514658|ref|NT_167208.1|	107392	107393
#Deleted in new
gi|224514658|ref|NT_167208.1|	107393	107394
#Deleted in new
gi|224514658|ref|NT_167208.1|	107394	107395
#Deleted in new
gi|224514658|ref|NT_167208.1|	107395	107396
#Deleted in new
gi|224514658|ref|NT_167208.1|	107396	107397
#Deleted in new
gi|224514658|ref|NT_167208.1|	107397	107398
#Deleted in new
gi|224514658|ref|NT_167208.1|	107398	107399
#Deleted in new
gi|224514658|ref|NT_167208.1|	107399	107400
#Deleted in new
gi|224514658|ref|NT_167208.1|	107400	107401
#Deleted in new
gi|224514658|ref|NT_167208.1|	107401	107402
#Deleted in new
gi|224514658|ref|NT_167208.1|	107402	107403
#Deleted in new
gi|224514658|ref|NT_167208.1|	107403	107404
#Deleted in new
gi|224514658|ref|NT_167208.1|	107404	107405
#Deleted in new
gi|224514658|ref|NT_167208.1|	107405	107406
#Deleted in new
gi|224514658|ref|NT_167208.1|	107406	107407
#Deleted in new
gi|224514658|ref|NT_167208.1|	107407	107408
#Deleted in new
gi|224514658|ref|NT_167208.1|	107408	107409
#Deleted in new
gi|224514658|ref|NT_167208.1|	107409	107410
#Deleted in new
gi|224514658|ref|NT_167208.1|	107410	107411
#Deleted in new
gi|224514658|ref|NT_167208.1|	107411	107412
#Deleted in new
gi|224514658|ref|NT_167208.1|	107412	107413
#Deleted in new
gi|224514658|ref|NT_167208.1|	107413	107414
#Deleted in new
gi|224514658|ref|NT_167208.1|	107414	107415
#Deleted in new
gi|224514658|ref|NT_167208.1|	107415	107416
#Deleted in new
gi|224514658|ref|NT_167208.1|	107416	107417
#Deleted in new
gi|224514658|ref|NT_167208.1|	107417	107418
#Deleted in new
gi|224514658|ref|NT_167208.1|	107418	107419
#Deleted in new
gi|224514658|ref|NT_167208.1|	107419	107420
#Deleted in new
gi|224514658|ref|NT_167208.1|	107420	107421
#Deleted in new
gi|224514658|ref|NT_167208.1|	107421	107422
#Deleted in new
gi|224514658|ref|NT_167208.1|	107422	107423
#Deleted in new
gi|224514658|ref|NT_167208.1|	107423	107424
#Deleted in new
gi|224514658|ref|NT_167208.1|	107424	107425
#Deleted in new
gi|224514658|ref|NT_167208.1|	107425	107426
#Deleted in new
gi|224514658|ref|NT_167208.1|	107426	107427
#Deleted in new
gi|224514658|ref|NT_167208.1|	107427	107428
#Deleted in new
gi|224514658|ref|NT_167208.1|	107428	107429
#Deleted in new
gi|224514658|ref|NT_167208.1|	107429	107430
#Deleted in new
gi|224514658|ref|NT_167208.1|	107430	107431
#Deleted in new
gi|224514658|ref|NT_167208.1|	107431	107432
#Deleted in new
gi|224514658|ref|NT_167208.1|	107432	107433
#Deleted in new
gi|224514658|ref|NT_167208.1|	107433	107434
#Deleted in new
gi|224514658|ref|NT_167208.1|	107434	107435
#Deleted in new
gi|224514658|ref|NT_167208.1|	107435	107436
#Deleted in new
gi|224514658|ref|NT_167208.1|	107436	107437
#Deleted in new
gi|224514658|ref|NT_167208.1|	107437	107438
#Deleted in new
gi|224514658|ref|NT_167208.1|	107438	107439
#Deleted in new
gi|224514658|ref|NT_167208.1|	107439	107440
#Deleted in new
gi|224514658|ref|NT_167208.1|	107440	107441
#Deleted in new
gi|224514658|ref|NT_167208.1|	107441	107442
#Deleted in new
gi|224514658|ref|NT_167208.1|	107442	107443
#Deleted in new
gi|224514658|ref|NT_167208.1|	107443	107444
#Deleted in new
gi|224514658|ref|NT_167208.1|	107444	107445
#Deleted in new
gi|224514658|ref|NT_167208.1|	107445	107446
#Deleted in new
gi|224514658|ref|NT_167208.1|	107446	107447
#Deleted in new
gi|224514658|ref|NT_167208.1|	107447	107448
#Deleted in new
gi|224514658|ref|NT_167208.1|	107448	107449
#Deleted in new
gi|224514658|ref|NT_167208.1|	107449	107450
#Deleted in new
gi|224514658|ref|NT_167208.1|	107450	107451
#Deleted in new
gi|224514658|ref|NT_167208.1|	107451	107452
#Deleted in new
gi|224514658|ref|NT_167208.1|	107452	107453
#Deleted in new
gi|224514658|ref|NT_167208.1|	107453	107454
#Deleted in new
gi|224514658|ref|NT_167208.1|	107454	107455
#Deleted in new
gi|224514658|ref|NT_167208.1|	107455	107456
#Deleted in new
gi|224514658|ref|NT_167208.1|	107456	107457
#Deleted in new
gi|224514658|ref|NT_167208.1|	107457	107458
#Deleted in new
gi|224514658|ref|NT_167208.1|	107458	107459
#Deleted in new
gi|224514658|ref|NT_167208.1|	107459	107460
#Deleted in new
gi|224514658|ref|NT_167208.1|	107460	107461
#Deleted in new
gi|224514658|ref|NT_167208.1|	107461	107462
#Deleted in new
gi|224514658|ref|NT_167208.1|	107462	107463
#Deleted in new
gi|224514658|ref|NT_167208.1|	107463	107464
#Deleted in new
gi|224514658|ref|NT_167208.1|	107464	107465
#Deleted in new
gi|224514658|ref|NT_167208.1|	107465	107466
#Deleted in new
gi|224514658|ref|NT_167208.1|	107466	107467
#Deleted in new
gi|224514658|ref|NT_167208.1|	107467	107468
#Deleted in new
gi|224514658|ref|NT_167208.1|	107468	107469
#Deleted in new
gi|224514658|ref|NT_167208.1|	107469	107470
#Deleted in new
gi|224514658|ref|NT_167208.1|	107470	107471
#Deleted in new
gi|224514658|ref|NT_167208.1|	107471	107472
#Deleted in new
gi|224514658|ref|NT_167208.1|	107472	107473
#Deleted in new
gi|224514658|ref|NT_167208.1|	107473	107474
#Deleted in new
gi|224514658|ref|NT_167208.1|	107474	107475
#Deleted in new
gi|224514658|ref|NT_167208.1|	107475	107476
#Deleted in new
gi|224514658|ref|NT_167208.1|	107476	107477
#Deleted in new
gi|224514658|ref|NT_167208.1|	107477	107478
#Deleted in new
gi|224514658|ref|NT_167208.1|	107478	107479
#Deleted in new
gi|224514658|ref|NT_167208.1|	107479	107480
#Deleted in new
gi|224514658|ref|NT_167208.1|	107480	107481
#Deleted in new
gi|224514658|ref|NT_167208.1|	107481	107482
#Deleted in new
gi|224514658|ref|NT_167208.1|	107482	107483
#Deleted in new
gi|224514658|ref|NT_167208.1|	107483	107484
#Deleted in new
gi|224514658|ref|NT_167208.1|	107484	107485
#Deleted in new
gi|224514658|ref|NT_167208.1|	107485	107486
#Deleted in new
gi|224514658|ref|NT_167208.1|	107486	107487
#Deleted in new
gi|224514658|ref|NT_167208.1|	107487	107488
#Deleted in new
gi|224514658|ref|NT_167208.1|	107488	107489
#Deleted in new
gi|224514658|ref|NT_167208.1|	107489	107490
#Deleted in new
gi|224514658|ref|NT_167208.1|	107490	107491
#Deleted in new
gi|224514658|ref|NT_167208.1|	107491	107492
#Deleted in new
gi|224514658|ref|NT_167208.1|	107492	107493
#Deleted in new
gi|224514658|ref|NT_167208.1|	107493	107494
#Deleted in new
gi|224514658|ref|NT_167208.1|	107494	107495
#Deleted in new
gi|224514663|ref|NT_167235.1|	15450	15451
#Deleted in new
gi|224514663|ref|NT_167235.1|	15451	15452
#Deleted in new
gi|224514663|ref|NT_167235.1|	15452	15453
#Deleted in new
gi|224514663|ref|NT_167235.1|	15453	15454
#Deleted in new
gi|224514663|ref|NT_167235.1|	15454	15455
#Deleted in new
gi|224514663|ref|NT_167235.1|	15455	15456
#Deleted in new
gi|224514663|ref|NT_167235.1|	15456	15457
#Deleted in new
gi|224514663|ref|NT_167235.1|	15457	15458
#Deleted in new
gi|224514663|ref|NT_167235.1|	15458	15459
#Deleted in new
gi|224514663|ref|NT_167235.1|	15459	15460
#Deleted in new
gi|224514663|ref|NT_167235.1|	15460	15461
#Deleted in new
gi|224514663|ref|NT_167235.1|	15461	15462
#Deleted in new
gi|224514663|ref|NT_167235.1|	15462	15463
#Deleted in new
gi|224514663|ref|NT_167235.1|	15463	15464
#Deleted in new
gi|224514663|ref|NT_167235.1|	15464	15465
#Deleted in new
gi|224514663|ref|NT_167235.1|	15465	15466
#Deleted in new
gi|224514663|ref|NT_167235.1|	15466	15467
#Deleted in new
gi|224514663|ref|NT_167235.1|	15467	15468
#Deleted in new
gi|224514663|ref|NT_167235.1|	15468	15469
#Deleted in new
gi|224514663|ref|NT_167235.1|	15469	15470
#Deleted in new
gi|224514663|ref|NT_167235.1|	15470	15471
#Deleted in new
gi|224514663|ref|NT_167235.1|	15471	15472
#Deleted in new
gi|224514663|ref|NT_167235.1|	15472	15473
#Deleted in new
gi|224514663|ref|NT_167235.1|	15473	15474
#Deleted in new
gi|224514663|ref|NT_167235.1|	15474	15475
#Deleted in new
gi|224514663|ref|NT_167235.1|	15475	15476
#Deleted in new
gi|224514663|ref|NT_167235.1|	15476	15477
#Deleted in new
gi|224514663|ref|NT_167235.1|	15477	15478
#Deleted in new
gi|224514663|ref|NT_167235.1|	15478	15479
#Deleted in new
gi|224514663|ref|NT_167235.1|	15479	15480
#Deleted in new
gi|224514663|ref|NT_167235.1|	15480	15481
#Deleted in new
gi|224514663|ref|NT_167235.1|	15481	15482
#Deleted in new
gi|224514663|ref|NT_167235.1|	15482	15483
#Deleted in new
gi|224514663|ref|NT_167235.1|	15483	15484
#Deleted in new
gi|224514663|ref|NT_167235.1|	15484	15485
#Deleted in new
gi|224514663|ref|NT_167235.1|	15485	15486
#Deleted in new
gi|224514663|ref|NT_167235.1|	15486	15487
#Deleted in new
gi|224514663|ref|NT_167235.1|	15487	15488
#Deleted in new
gi|224514663|ref|NT_167235.1|	15488	15489
#Deleted in new
gi|224514663|ref|NT_167235.1|	15489	15490
#Deleted in new
gi|224514663|ref|NT_167235.1|	15490	15491
#Deleted in new
gi|224514663|ref|NT_167235.1|	15491	15492
#Deleted in new
gi|224514663|ref|NT_167235.1|	15492	15493
#Deleted in new
gi|224514663|ref|NT_167235.1|	15493	15494
#Deleted in new
gi|224514663|ref|NT_167235.1|	15494	15495
#Deleted in new
gi|224514663|ref|NT_167235.1|	15495	15496
#Deleted in new
gi|224514663|ref|NT_167235.1|	15496	15497
#Deleted in new
gi|224514663|ref|NT_167235.1|	15497	15498
#Deleted in new
gi|224514663|ref|NT_167235.1|	15498	15499
#Deleted in new
gi|224514663|ref|NT_167235.1|	15499	15500
#Deleted in new
gi|224514663|ref|NT_167235.1|	15500	15501
#Deleted in new
gi|224514663|ref|NT_167235.1|	15501	15502
#Deleted in new
gi|224514663|ref|NT_167235.1|	15502	15503
#Deleted in new
gi|224514663|ref|NT_167235.1|	15503	15504
#Deleted in new
gi|224514663|ref|NT_167235.1|	15504	15505
#Deleted in new
gi|224514663|ref|NT_167235.1|	15505	15506
#Deleted in new
gi|224514663|ref|NT_167235.1|	15506	15507
#Deleted in new
gi|224514663|ref|NT_167235.1|	15507	15508
#Deleted in new
gi|224514663|ref|NT_167235.1|	15508	15509
#Deleted in new
gi|224514663|ref|NT_167235.1|	15509	15510
#Deleted in new
gi|224514663|ref|NT_167235.1|	15510	15511
#Deleted in new
gi|224514663|ref|NT_167235.1|	15511	15512
#Deleted in new
gi|224514663|ref|NT_167235.1|	15512	15513
#Deleted in new
gi|224514663|ref|NT_167235.1|	15513	15514
#Deleted in new
gi|224514663|ref|NT_167235.1|	15514	15515
#Deleted in new
gi|224514663|ref|NT_167235.1|	15515	15516
#Deleted in new
gi|224514663|ref|NT_167235.1|	15516	15517
#Deleted in new
gi|224514663|ref|NT_167235.1|	15517	15518
#Deleted in new
gi|224514663|ref|NT_167235.1|	15518	15519
#Deleted in new
gi|224514663|ref|NT_167235.1|	15519	15520
#Deleted in new
gi|224514663|ref|NT_167235.1|	15520	15521
#Deleted in new
gi|224514663|ref|NT_167235.1|	15521	15522
#Deleted in new
gi|224514663|ref|NT_167235.1|	15522	15523
#Deleted in new
gi|224514663|ref|NT_167235.1|	15523	15524
#Deleted in new
gi|224514663|ref|NT_167235.1|	15524	15525
#Deleted in new
gi|224514663|ref|NT_167235.1|	15525	15526
#Deleted in new
gi|224514663|ref|NT_167235.1|	15526	15527
#Deleted in new
gi|224514663|ref|NT_167235.1|	15527	15528
#Deleted in new
gi|224514663|ref|NT_167235.1|	15528	15529
#Deleted in new
gi|224514663|ref|NT_167235.1|	15529	15530
#Deleted in new
gi|224514663|ref|NT_167235.1|	15530	15531
#Deleted in new
gi|224514663|ref|NT_167235.1|	15531	15532
#Deleted in new
gi|224514663|ref|NT_167235.1|	15532	15533
#Deleted in new
gi|224514663|ref|NT_167235.1|	15533	15534
#Deleted in new
gi|224514663|ref|NT_167235.1|	15534	15535
#Deleted in new
gi|224514663|ref|NT_167235.1|	15535	15536
#Deleted in new
gi|224514663|ref|NT_167235.1|	15536	15537
#Deleted in new
gi|224514663|ref|NT_167235.1|	15537	15538
#Deleted in new
gi|224514663|ref|NT_167235.1|	15538	15539
#Deleted in new
gi|224514663|ref|NT_167235.1|	15539	15540
#Deleted in new
gi|224514663|ref|NT_167235.1|	15540	15541
#Deleted in new
gi|224514663|ref|NT_167235.1|	15541	15542
#Deleted in new
gi|224514663|ref|NT_167235.1|	15542	15543
#Deleted in new
gi|224514663|ref|NT_167235.1|	15543	15544
#Deleted in new
gi|224514663|ref|NT_167235.1|	15544	15545
#Deleted in new
gi|224514663|ref|NT_167235.1|	15545	15546
#Deleted in new
gi|224514663|ref|NT_167235.1|	15546	15547
#Deleted in new
gi|224514663|ref|NT_167235.1|	15547	15548
#Deleted in new
gi|224514663|ref|NT_167235.1|	15548	15549
#Deleted in new
gi|224514663|ref|NT_167235.1|	15549	15550
#Deleted in new
gi|224514663|ref|NT_167235.1|	15550	15551
#Deleted in new
gi|224514663|ref|NT_167235.1|	15551	15552
#Deleted in new
gi|224514663|ref|NT_167235.1|	15552	15553
#Deleted in new
gi|224514663|ref|NT_167235.1|	16392	16393
#Deleted in new
gi|224514663|ref|NT_167235.1|	16393	16394
#Deleted in new
gi|224514663|ref|NT_167235.1|	16394	16395
#Deleted in new
gi|224514663|ref|NT_167235.1|	16401	16402
#Deleted in new
gi|224514663|ref|NT_167235.1|	16402	16403
#Deleted in new
gi|224514663|ref|NT_167235.1|	16487	16488
#Deleted in new
gi|224514663|ref|NT_167235.1|	16488	16489
#Deleted in new
gi|224514663|ref|NT_167235.1|	16490	16491
#Deleted in new
gi|224514663|ref|NT_167235.1|	16493	16494
#Deleted in new
gi|224514663|ref|NT_167235.1|	16494	16495
#Deleted in new
gi|224514663|ref|NT_167235.1|	16584	16585
#Deleted in new
gi|224514663|ref|NT_167235.1|	16585	16586
#Deleted in new
gi|224514663|ref|NT_167235.1|	16586	16587
#Deleted in new
gi|224514663|ref|NT_167235.1|	16593	16594
#Deleted in new
gi|224514663|ref|NT_167235.1|	16594	16595
#Deleted in new
gi|224514663|ref|NT_167235.1|	16598	16599
#Deleted in new
gi|224514663|ref|NT_167235.1|	16602	16603
#Deleted in new
gi|224514663|ref|NT_167235.1|	16603	16604
#Deleted in new
gi|224514689|ref|NT_167211.1|	94222	94223
#Deleted in new
gi|224514689|ref|NT_167211.1|	94223	94224
#Deleted in new
gi|224514689|ref|NT_167211.1|	94224	94225
#Deleted in new
gi|224514689|ref|NT_167211.1|	94225	94226
#Deleted in new
gi|224514689|ref|NT_167211.1|	94226	94227
#Deleted in new
gi|224514689|ref|NT_167211.1|	94227	94228
#Deleted in new
gi|224514689|ref|NT_167211.1|	94228	94229
#Deleted in new
gi|224514689|ref|NT_167211.1|	94229	94230
#Deleted in new
gi|224514689|ref|NT_167211.1|	94230	94231
#Deleted in new
gi|224514689|ref|NT_167211.1|	94231	94232
#Deleted in new
gi|224514689|ref|NT_167211.1|	94232	94233
#Deleted in new
gi|224514689|ref|NT_167211.1|	94233	94234
#Deleted in new
gi|224514689|ref|NT_167211.1|	94234	94235
#Deleted in new
gi|224514689|ref|NT_167211.1|	94235	94236
#Deleted in new
gi|224514689|ref|NT_167211.1|	94236	94237
#Deleted in new
gi|224514689|ref|NT_167211.1|	94237	94238
#Deleted in new
gi|224514689|ref|NT_167211.1|	94238	94239
#Deleted in new
gi|224514689|ref|NT_167211.1|	94239	94240
#Deleted in new
gi|224514689|ref|NT_167211.1|	94240	94241
#Deleted in new
gi|224514689|ref|NT_167211.1|	94241	94242
#Deleted in new
gi|224514689|ref|NT_167211.1|	94242	94243
#Deleted in new
gi|224514689|ref|NT_167211.1|	94243	94244
#Deleted in new
gi|224514689|ref|NT_167211.1|	94244	94245
#Deleted in new
gi|224514689|ref|NT_167211.1|	94245	94246
#Deleted in new
gi|224514689|ref|NT_167211.1|	94246	94247
#Deleted in new
gi|224514689|ref|NT_167211.1|	94247	94248
#Deleted in new
gi|224514689|ref|NT_167211.1|	94248	94249
#Deleted in new
gi|224514689|ref|NT_167211.1|	94249	94250
#Deleted in new
gi|224514689|ref|NT_167211.1|	94250	94251
#Deleted in new
gi|224514689|ref|NT_167211.1|	94251	94252
#Deleted in new
gi|224514689|ref|NT_167211.1|	94252	94253
#Deleted in new
gi|224514689|ref|NT_167211.1|	94253	94254
#Deleted in new
gi|224514689|ref|NT_167211.1|	94254	94255
#Deleted in new
gi|224514689|ref|NT_167211.1|	94255	94256
#Deleted in new
gi|224514689|ref|NT_167211.1|	94256	94257
#Deleted in new
gi|224514689|ref|NT_167211.1|	94257	94258
#Deleted in new
gi|224514689|ref|NT_167211.1|	94258	94259
#Deleted in new
gi|224514689|ref|NT_167211.1|	94259	94260
#Deleted in new
gi|224514689|ref|NT_167211.1|	94260	94261
#Deleted in new
gi|224514689|ref|NT_167211.1|	94261	94262
#Deleted in new
gi|224514689|ref|NT_167211.1|	94263	94264
#Deleted in new
gi|224514689|ref|NT_167211.1|	94264	94265
#Deleted in new
gi|224514689|ref|NT_167211.1|	94265	94266
#Deleted in new
gi|89036899|ref|NT_113923.1|	130304	130305
#Deleted in new
gi|89036899|ref|NT_113923.1|	130305	130306
#Deleted in new
gi|89036899|ref|NT_113923.1|	130306	130307
#Deleted in new
gi|89036899|ref|NT_113923.1|	130307	130308
#Deleted in new
gi|89036899|ref|NT_113923.1|	130308	130309
#Deleted in new
gi|89036899|ref|NT_113923.1|	130309	130310
#Deleted in new
gi|89036899|ref|NT_113923.1|	130310	130311
#Deleted in new
gi|89036899|ref|NT_113923.1|	130311	130312
#Deleted in new
gi|89036899|ref|NT_113923.1|	130312	130313
#Deleted in new
gi|89036899|ref|NT_113923.1|	130313	130314
#Deleted in new
gi|89036899|ref|NT_113923.1|	130314	130315
#Deleted in new
gi|89036899|ref|NT_113923.1|	130315	130316
#Deleted in new
gi|89036899|ref|NT_113923.1|	130316	130317
#Deleted in new
gi|89036899|ref|NT_113923.1|	130317	130318
#Deleted in new
gi|89036899|ref|NT_113923.1|	130318	130319
#Deleted in new
gi|89036899|ref|NT_113923.1|	130319	130320
#Deleted in new
gi|89036899|ref|NT_113923.1|	130320	130321
#Deleted in new
gi|89036899|ref|NT_113923.1|	130321	130322
#Deleted in new
gi|89036899|ref|NT_113923.1|	130322	130323
#Deleted in new
gi|89036899|ref|NT_113923.1|	130323	130324
#Deleted in new
gi|89036899|ref|NT_113923.1|	130324	130325
#Deleted in new
gi|89036899|ref|NT_113923.1|	130325	130326
#Deleted in new
gi|89036899|ref|NT_113923.1|	130326	130327
#Deleted in new
gi|89036899|ref|NT_113923.1|	130327	130328
#Deleted in new
gi|89036899|ref|NT_113923.1|	130328	130329
#Deleted in new
gi|89036899|ref|NT_113923.1|	130329	130330
#Deleted in new
gi|89036899|ref|NT_113923.1|	130330	130331
#Deleted in new
gi|89036899|ref|NT_113923.1|	130331	130332
#Deleted in new
gi|89036899|ref|NT_113923.1|	130332	130333
#Deleted in new
gi|89036899|ref|NT_113923.1|	130333	130334
#Deleted in new
gi|89036899|ref|NT_113923.1|	130334	130335
#Deleted in new
gi|89036899|ref|NT_113923.1|	130335	130336
#Deleted in new
gi|89036899|ref|NT_113923.1|	130336	130337
#Deleted in new
gi|89036899|ref|NT_113923.1|	130337	130338
#Deleted in new
gi|89036899|ref|NT_113923.1|	130338	130339
#Deleted in new
gi|89036899|ref|NT_113923.1|	130339	130340
#Deleted in new
gi|89036899|ref|NT_113923.1|	130340	130341
#Deleted in new
gi|89036899|ref|NT_113923.1|	130341	130342
#Deleted in new
gi|89036899|ref|NT_113923.1|	130342	130343
#Deleted in new
gi|89036899|ref|NT_113923.1|	130343	130344
#Deleted in new
gi|89036899|ref|NT_113923.1|	130344	130345
#Deleted in new
gi|89036899|ref|NT_113923.1|	130345	130346
#Deleted in new
gi|89036899|ref|NT_113923.1|	130346	130347
#Deleted in new
gi|89036899|ref|NT_113923.1|	130347	130348
#Deleted in new
gi|89036899|ref|NT_113923.1|	130348	130349
#Deleted in new
gi|89036899|ref|NT_113923.1|	130349	130350
#Deleted in new
gi|89036899|ref|NT_113923.1|	130350	130351
#Deleted in new
gi|89036899|ref|NT_113923.1|	130351	130352
#Deleted in new
gi|89036899|ref|NT_113923.1|	130352	130353
#Deleted in new
gi|89036899|ref|NT_113923.1|	130353	130354
#Deleted in new
gi|89036899|ref|NT_113923.1|	130354	130355
#Deleted in new
gi|89036899|ref|NT_113923.1|	130355	130356
#Deleted in new
gi|89036899|ref|NT_113923.1|	130356	130357
#Deleted in new
gi|89036899|ref|NT_113923.1|	130357	130358
#Deleted in new
gi|89036899|ref|NT_113923.1|	130358	130359
#Deleted in new
gi|89036899|ref|NT_113923.1|	130359	130360
#Deleted in new
gi|89036899|ref|NT_113923.1|	130360	130361
#Deleted in new
gi|89036899|ref|NT_113923.1|	130361	130362
#Deleted in new
gi|89036899|ref|NT_113923.1|	130362	130363
#Deleted in new
gi|89036899|ref|NT_113923.1|	130363	130364
#Deleted in new
gi|89036899|ref|NT_113923.1|	130364	130365
#Deleted in new
gi|89036899|ref|NT_113923.1|	130365	130366
#Deleted in new
gi|89036899|ref|NT_113923.1|	130366	130367
#Deleted in new
gi|89036899|ref|NT_113923.1|	130367	130368
#Deleted in new
gi|89036899|ref|NT_113923.1|	130368	130369
#Deleted in new
gi|89036899|ref|NT_113923.1|	130369	130370
#Deleted in new
gi|89036899|ref|NT_113923.1|	130370	130371
#Deleted in new
gi|89036899|ref|NT_113923.1|	130371	130372
#Deleted in new
gi|89036899|ref|NT_113923.1|	130372	130373
#Deleted in new
gi|89036899|ref|NT_113923.1|	130373	130374
#Deleted in new
gi|89036899|ref|NT_113923.1|	130374	130375
#Deleted in new
gi|89036899|ref|NT_113923.1|	130375	130376
#Deleted in new
gi|89036899|ref|NT_113923.1|	130376	130377
#Deleted in new
gi|89036899|ref|NT_113923.1|	130377	130378
#Deleted in new
gi|89036899|ref|NT_113923.1|	130378	130379
#Deleted in new
gi|89036899|ref|NT_113923.1|	130379	130380
#Deleted in new
gi|89036899|ref|NT_113923.1|	130380	130381
#Deleted in new
gi|89036899|ref|NT_113923.1|	130381	130382
#Deleted in new
gi|89036899|ref|NT_113923.1|	130382	130383
#Deleted in new
gi|89036899|ref|NT_113923.1|	130383	130384
#Deleted in new
gi|89036899|ref|NT_113923.1|	130384	130385
#Deleted in new
gi|89036899|ref|NT_113923.1|	130385	130386
#Deleted in new
gi|89036899|ref|NT_113923.1|	130386	130387
#Deleted in new
gi|89036899|ref|NT_113923.1|	130387	130388
#Deleted in new
gi|89036899|ref|NT_113923.1|	130388	130389
#Deleted in new
gi|89036899|ref|NT_113923.1|	130389	130390
#Deleted in new
gi|89036899|ref|NT_113923.1|	130390	130391
#Deleted in new
gi|89036899|ref|NT_113923.1|	130391	130392
#Deleted in new
gi|89036899|ref|NT_113923.1|	130392	130393
#Deleted in new
gi|89036899|ref|NT_113923.1|	130393	130394
#Deleted in new
gi|89036899|ref|NT_113923.1|	130394	130395
#Deleted in new
gi|89036899|ref|NT_113923.1|	130395	130396
#Deleted in new
gi|89036899|ref|NT_113923.1|	130396	130397
#Deleted in new
gi|89036899|ref|NT_113923.1|	130397	130398
#Deleted in new
gi|89036899|ref|NT_113923.1|	130398	130399
#Deleted in new
gi|89036899|ref|NT_113923.1|	130399	130400
#Deleted in new
gi|89036899|ref|NT_113923.1|	130400	130401
#Deleted in new
gi|89036899|ref|NT_113923.1|	130401	130402
#Deleted in new
gi|89036899|ref|NT_113923.1|	130402	130403
#Deleted in new
gi|89036899|ref|NT_113923.1|	130403	130404
#Deleted in new
gi|89036899|ref|NT_113923.1|	130404	130405
#Deleted in new
gi|89036899|ref|NT_113923.1|	130405	130406
#Deleted in new
gi|89036899|ref|NT_113923.1|	130406	130407
#Deleted in new
gi|89036899|ref|NT_113923.1|	130407	130408
#Deleted in new
gi|89036899|ref|NT_113923.1|	130408	130409
#Deleted in new
gi|89036899|ref|NT_113923.1|	130409	130410
#Deleted in new
gi|89036899|ref|NT_113923.1|	130410	130411
#Deleted in new
gi|89036899|ref|NT_113923.1|	130411	130412
#Deleted in new
gi|89036899|ref|NT_113923.1|	130412	130413
#Deleted in new
gi|89036899|ref|NT_113923.1|	130413	130414
#Deleted in new
gi|89036899|ref|NT_113923.1|	130414	130415
#Deleted in new
gi|89056990|ref|NT_113949.1|	127996	127997
#Deleted in new
gi|89056990|ref|NT_113949.1|	127997	127998
#Deleted in new
gi|89056990|ref|NT_113949.1|	127998	127999
#Deleted in new
gi|89056990|ref|NT_113949.1|	127999	128000
#Deleted in new
gi|89056990|ref|NT_113949.1|	128000	128001
#Deleted in new
gi|89056990|ref|NT_113949.1|	128001	128002
#Deleted in new
gi|89056990|ref|NT_113949.1|	128002	128003
#Deleted in new
gi|89056990|ref|NT_113949.1|	128003	128004
#Deleted in new
gi|89056990|ref|NT_113949.1|	128004	128005
#Deleted in new
gi|89056990|ref|NT_113949.1|	128005	128006
#Deleted in new
gi|89056990|ref|NT_113949.1|	128006	128007
#Deleted in new
gi|89056990|ref|NT_113949.1|	128007	128008
#Deleted in new
gi|89056990|ref|NT_113949.1|	128008	128009
#Deleted in new
gi|89056990|ref|NT_113949.1|	128009	128010
#Deleted in new
gi|89056990|ref|NT_113949.1|	128010	128011
#Deleted in new
gi|89056990|ref|NT_113949.1|	128011	128012
#Deleted in new
gi|89056990|ref|NT_113949.1|	128012	128013
#Deleted in new
gi|89056990|ref|NT_113949.1|	128013	128014
#Deleted in new
gi|89056990|ref|NT_113949.1|	128014	128015
#Deleted in new
gi|89056990|ref|NT_113949.1|	128015	128016
#Deleted in new
gi|89056990|ref|NT_113949.1|	128016	128017
#Deleted in new
gi|89056990|ref|NT_113949.1|	128017	128018
#Deleted in new
gi|89056990|ref|NT_113949.1|	128018	128019
#Deleted in new
gi|89056990|ref|NT_113949.1|	128019	128020
#Deleted in new
gi|89056990|ref|NT_113949.1|	128020	128021
#Deleted in new
gi|89056990|ref|NT_113949.1|	128021	128022
#Deleted in new
gi|89056990|ref|NT_113949.1|	128022	128023
#Deleted in new
gi|89056990|ref|NT_113949.1|	128023	128024
#Deleted in new
gi|89056990|ref|NT_113949.1|	128024	128025
#Deleted in new
gi|89056990|ref|NT_113949.1|	128025	128026
#Deleted in new
gi|89056990|ref|NT_113949.1|	128026	128027
#Deleted in new
gi|89056990|ref|NT_113949.1|	128027	128028
#Deleted in new
gi|89056990|ref|NT_113949.1|	128028	128029
#Deleted in new
gi|89056990|ref|NT_113949.1|	128029	128030
#Deleted in new
gi|89056990|ref|NT_113949.1|	128030	128031
#Deleted in new
gi|89056990|ref|NT_113949.1|	128031	128032
#Deleted in new
gi|89056990|ref|NT_113949.1|	128032	128033
#Deleted in new
gi|89056990|ref|NT_113949.1|	128033	128034
#Deleted in new
gi|89056990|ref|NT_113949.1|	128034	128035
#Deleted in new
gi|89056990|ref|NT_113949.1|	128035	128036
#Deleted in new
gi|89056990|ref|NT_113949.1|	128036	128037
#Deleted in new
gi|89056990|ref|NT_113949.1|	128037	128038
#Deleted in new
gi|89056990|ref|NT_113949.1|	128038	128039
#Deleted in new
gi|89056990|ref|NT_113949.1|	128039	128040
#Deleted in new
gi|89056990|ref|NT_113949.1|	128040	128041
#Deleted in new
gi|89056990|ref|NT_113949.1|	128041	128042
#Deleted in new
gi|89056990|ref|NT_113949.1|	128042	128043
#Deleted in new
gi|89056990|ref|NT_113949.1|	128043	128044
#Deleted in new
gi|89056990|ref|NT_113949.1|	128044	128045
#Deleted in new
gi|89056990|ref|NT_113949.1|	128045	128046
#Deleted in new
gi|89056990|ref|NT_113949.1|	128046	128047
#Deleted in new
gi|89056990|ref|NT_113949.1|	128047	128048
#Deleted in new
gi|89056990|ref|NT_113949.1|	128048	128049
#Deleted in new
gi|89056990|ref|NT_113949.1|	128049	128050
#Deleted in new
gi|89056990|ref|NT_113949.1|	128050	128051
#Deleted in new
gi|89056990|ref|NT_113949.1|	128051	128052
#Deleted in new
gi|89056990|ref|NT_113949.1|	128052	128053
#Deleted in new
gi|89056990|ref|NT_113949.1|	128053	128054
#Deleted in new
gi|89056990|ref|NT_113949.1|	128054	128055
#Deleted in new
gi|89056990|ref|NT_113949.1|	128055	128056
#Deleted in new
gi|89056990|ref|NT_113949.1|	128056	128057
#Deleted in new
gi|89056990|ref|NT_113949.1|	128057	128058
#Deleted in new
gi|89056990|ref|NT_113949.1|	128058	128059
#Deleted in new
gi|89056990|ref|NT_113949.1|	128059	128060
#Deleted in new
gi|89056990|ref|NT_113949.1|	128060	128061
#Deleted in new
gi|89056990|ref|NT_113949.1|	128061	128062
#Deleted in new
gi|89056990|ref|NT_113949.1|	128062	128063
#Deleted in new
gi|89056990|ref|NT_113949.1|	128063	128064
#Deleted in new
gi|89056990|ref|NT_113949.1|	128064	128065
#Deleted in new
gi|89056990|ref|NT_113949.1|	128065	128066
#Deleted in new
gi|89056990|ref|NT_113949.1|	128066	128067
#Deleted in new
gi|89056990|ref|NT_113949.1|	128067	128068
#Deleted in new
gi|89056990|ref|NT_113949.1|	128068	128069
#Deleted in new
gi|89056990|ref|NT_113949.1|	128069	128070
#Deleted in new
gi|89056990|ref|NT_113949.1|	128070	128071
#Deleted in new
gi|89056990|ref|NT_113949.1|	128071	128072
#Deleted in new
gi|89056990|ref|NT_113949.1|	128072	128073
#Deleted in new
gi|89056990|ref|NT_113949.1|	128073	128074
#Deleted in new
gi|89056990|ref|NT_113949.1|	128074	128075
#Deleted in new
gi|89056990|ref|NT_113949.1|	128075	128076
#Deleted in new
gi|89056990|ref|NT_113949.1|	128076	128077
#Deleted in new
gi|89056990|ref|NT_113949.1|	128077	128078
#Deleted in new
gi|89056990|ref|NT_113949.1|	128078	128079
#Deleted in new
gi|89056990|ref|NT_113949.1|	128079	128080
#Deleted in new
gi|89056990|ref|NT_113949.1|	128080	128081
#Deleted in new
gi|89056990|ref|NT_113949.1|	128081	128082
#Deleted in new
gi|89056990|ref|NT_113949.1|	128082	128083
#Deleted in new
gi|89056990|ref|NT_113949.1|	128083	128084
#Deleted in new
gi|89056990|ref|NT_113949.1|	128084	128085
#Deleted in new
gi|89056990|ref|NT_113949.1|	128085	128086
#Deleted in new
gi|89056990|ref|NT_113949.1|	128087	128088
#Deleted in new
gi|89056990|ref|NT_113949.1|	128225	128226
#Deleted in new
gi|89056990|ref|NT_113949.1|	128226	128227
#Deleted in new
gi|89056990|ref|NT_113949.1|	128231	128232
#Deleted in new
gi|89056990|ref|NT_113949.1|	128232	128233
#Deleted in new
gi|89056990|ref|NT_113949.1|	128235	128236
#Deleted in new
gi|89056990|ref|NT_113949.1|	128236	128237
#Deleted in new
gi|89056990|ref|NT_113949.1|	128237	128238
#Deleted in new
gi|89056990|ref|NT_113949.1|	133672	133673
#Deleted in new
gi|89056990|ref|NT_113949.1|	133678	133679
#Deleted in new
gi|89056990|ref|NT_113949.1|	133679	133680
#Deleted in new
gi|89056990|ref|NT_113949.1|	133680	133681
#Deleted in new
gi|89056990|ref|NT_113949.1|	133682	133683
#Deleted in new
gi|89056990|ref|NT_113949.1|	133686	133687
#Deleted in new
gi|89056990|ref|NT_113949.1|	147973	147974
#Deleted in new
gi|89056990|ref|NT_113949.1|	147974	147975
#Deleted in new
gi|89056990|ref|NT_113949.1|	147977	147978
#Deleted in new
gi|89056990|ref|NT_113949.1|	147981	147982
#Deleted in new
gi|89056990|ref|NT_113949.1|	147982	147983
#Deleted in new
gi|89056990|ref|NT_113949.1|	147983	147984
#Deleted in new
gi|89056990|ref|NT_113949.1|	148095	148096
#Deleted in new
gi|89056990|ref|NT_113949.1|	148097	148098
#Deleted in new
gi|89056990|ref|NT_113949.1|	148099	148100
#Deleted in new
gi|89056990|ref|NT_113949.1|	148103	148104
#Deleted in new
gi|89056990|ref|NT_113949.1|	148104	148105
#Deleted in new
gi|89056990|ref|NT_113949.1|	148129	148130
#Deleted in new
gi|89056990|ref|NT_113949.1|	148130	148131
#Deleted in new
gi|89056990|ref|NT_113949.1|	148133	148134
#Deleted in new
gi|89056990|ref|NT_113949.1|	148134	148135
#Deleted in new
gi|89056990|ref|NT_113949.1|	148135	148136
#Deleted in new
gi|89056990|ref|NT_113949.1|	148137	148138
#Deleted in new
gi|89056990|ref|NT_113949.1|	148141	148142
#Deleted in new
gi|89056990|ref|NT_113949.1|	148142	148143
#Deleted in new
gi|89056990|ref|NT_113949.1|	148144	148145
#Deleted in new
gi|89056990|ref|NT_113949.1|	148215	148216
#Deleted in new
gi|89056990|ref|NT_113949.1|	148219	148220
#Deleted in new
gi|89056990|ref|NT_113949.1|	148222	148223
#Deleted in new
gi|89056990|ref|NT_113949.1|	148223	148224
#Deleted in new
gi|89056990|ref|NT_113949.1|	148224	148225
#Deleted in new
gi|89056990|ref|NT_113949.1|	24260	24261
#Deleted in new
gi|89056990|ref|NT_113949.1|	24266	24267
#Deleted in new
gi|89056990|ref|NT_113949.1|	24267	24268
#Deleted in new
gi|89056990|ref|NT_113949.1|	24268	24269
#Deleted in new
gi|89056990|ref|NT_113949.1|	24270	24271
#Deleted in new
gi|89056990|ref|NT_113949.1|	24274	24275
#Deleted in new
gi|89056990|ref|NT_113949.1|	41512	41513
#Deleted in new
gi|89056990|ref|NT_113949.1|	41513	41514
#Deleted in new
gi|89056990|ref|NT_113949.1|	41514	41515
#Deleted in new
gi|89056990|ref|NT_113949.1|	41515	41516
#Deleted in new
gi|89056990|ref|NT_113949.1|	41516	41517
#Deleted in new
gi|89056990|ref|NT_113949.1|	41517	41518
#Deleted in new
gi|89056990|ref|NT_113949.1|	41518	41519
#Deleted in new
gi|89056990|ref|NT_113949.1|	41519	41520
#Deleted in new
gi|89056990|ref|NT_113949.1|	41520	41521
#Deleted in new
gi|89056990|ref|NT_113949.1|	41521	41522
#Deleted in new
gi|89056990|ref|NT_113949.1|	41522	41523
#Deleted in new
gi|89056990|ref|NT_113949.1|	41523	41524
#Deleted in new
gi|89056990|ref|NT_113949.1|	41524	41525
#Deleted in new
gi|89056990|ref|NT_113949.1|	41525	41526
#Deleted in new
gi|89056990|ref|NT_113949.1|	41526	41527
#Deleted in new
gi|89056990|ref|NT_113949.1|	41527	41528
#Deleted in new
gi|89056990|ref|NT_113949.1|	41528	41529
#Deleted in new
gi|89056990|ref|NT_113949.1|	41529	41530
#Deleted in new
gi|89056990|ref|NT_113949.1|	41530	41531
#Deleted in new
gi|89056990|ref|NT_113949.1|	41531	41532
#Deleted in new
gi|89056990|ref|NT_113949.1|	41532	41533
#Deleted in new
gi|89056990|ref|NT_113949.1|	41533	41534
#Deleted in new
gi|89056990|ref|NT_113949.1|	41534	41535
#Deleted in new
gi|89056990|ref|NT_113949.1|	41535	41536
#Deleted in new
gi|89056990|ref|NT_113949.1|	41536	41537
#Deleted in new
gi|89056990|ref|NT_113949.1|	41537	41538
#Deleted in new
gi|89056990|ref|NT_113949.1|	41538	41539
#Deleted in new
gi|89056990|ref|NT_113949.1|	41539	41540
#Deleted in new
gi|89056990|ref|NT_113949.1|	41540	41541
#Deleted in new
gi|89056990|ref|NT_113949.1|	41541	41542
#Deleted in new
gi|89056990|ref|NT_113949.1|	41542	41543
#Deleted in new
gi|89056990|ref|NT_113949.1|	41543	41544
#Deleted in new
gi|89056990|ref|NT_113949.1|	41544	41545
#Deleted in new
gi|89056990|ref|NT_113949.1|	41545	41546
#Deleted in new
gi|89056990|ref|NT_113949.1|	41546	41547
#Deleted in new
gi|89056990|ref|NT_113949.1|	41547	41548
#Deleted in new
gi|89056990|ref|NT_113949.1|	41548	41549
#Deleted in new
gi|89056990|ref|NT_113949.1|	41549	41550
#Deleted in new
gi|89056990|ref|NT_113949.1|	41550	41551
#Deleted in new
gi|89056990|ref|NT_113949.1|	41551	41552
#Deleted in new
gi|89056990|ref|NT_113949.1|	41552	41553
#Deleted in new
gi|89056990|ref|NT_113949.1|	41553	41554
#Deleted in new
gi|89056990|ref|NT_113949.1|	41554	41555
#Deleted in new
gi|89056990|ref|NT_113949.1|	41555	41556
#Deleted in new
gi|89056990|ref|NT_113949.1|	41556	41557
#Deleted in new
gi|89056990|ref|NT_113949.1|	41557	41558
#Deleted in new
gi|89056990|ref|NT_113949.1|	41558	41559
#Deleted in new
gi|89056990|ref|NT_113949.1|	41559	41560
#Deleted in new
gi|89056990|ref|NT_113949.1|	41560	41561
#Deleted in new
gi|89056990|ref|NT_113949.1|	41561	41562
#Deleted in new
gi|89056990|ref|NT_113949.1|	41562	41563
#Deleted in new
gi|89056990|ref|NT_113949.1|	41563	41564
#Deleted in new
gi|89056990|ref|NT_113949.1|	41564	41565
#Deleted in new
gi|89056990|ref|NT_113949.1|	41565	41566
#Deleted in new
gi|89056990|ref|NT_113949.1|	41566	41567
#Deleted in new
gi|89056990|ref|NT_113949.1|	41567	41568
#Deleted in new
gi|89056990|ref|NT_113949.1|	41568	41569
#Deleted in new
gi|89056990|ref|NT_113949.1|	41569	41570
#Deleted in new
gi|89056990|ref|NT_113949.1|	41570	41571
#Deleted in new
gi|89056990|ref|NT_113949.1|	41571	41572
#Deleted in new
gi|89056990|ref|NT_113949.1|	41572	41573
#Deleted in new
gi|89056990|ref|NT_113949.1|	41573	41574
#Deleted in new
gi|89056990|ref|NT_113949.1|	41574	41575
#Deleted in new
gi|89056990|ref|NT_113949.1|	41575	41576
#Deleted in new
gi|89056990|ref|NT_113949.1|	41576	41577
#Deleted in new
gi|89056990|ref|NT_113949.1|	41577	41578
#Deleted in new
gi|89056990|ref|NT_113949.1|	41578	41579
#Deleted in new
gi|89056990|ref|NT_113949.1|	41579	41580
#Deleted in new
gi|89056990|ref|NT_113949.1|	41580	41581
#Deleted in new
gi|89056990|ref|NT_113949.1|	41581	41582
#Deleted in new
gi|89056990|ref|NT_113949.1|	41582	41583
#Deleted in new
gi|89056990|ref|NT_113949.1|	41583	41584
#Deleted in new
gi|89056990|ref|NT_113949.1|	41584	41585
#Deleted in new
gi|89056990|ref|NT_113949.1|	41585	41586
#Deleted in new
gi|89056990|ref|NT_113949.1|	41586	41587
#Deleted in new
gi|89056990|ref|NT_113949.1|	41587	41588
#Deleted in new
gi|89056990|ref|NT_113949.1|	41588	41589
#Deleted in new
gi|89056990|ref|NT_113949.1|	41589	41590
#Deleted in new
gi|89056990|ref|NT_113949.1|	41590	41591
#Deleted in new
gi|89056990|ref|NT_113949.1|	41591	41592
#Deleted in new
gi|89056990|ref|NT_113949.1|	41592	41593
#Deleted in new
gi|89056990|ref|NT_113949.1|	41593	41594
#Deleted in new
gi|89056990|ref|NT_113949.1|	41594	41595
#Deleted in new
gi|89056990|ref|NT_113949.1|	41595	41596
#Deleted in new
gi|89056990|ref|NT_113949.1|	41596	41597
#Deleted in new
gi|89056990|ref|NT_113949.1|	41597	41598
#Deleted in new
gi|89056990|ref|NT_113949.1|	41598	41599
#Deleted in new
gi|89056990|ref|NT_113949.1|	41599	41600
#Deleted in new
gi|89056990|ref|NT_113949.1|	41600	41601
#Deleted in new
gi|89056990|ref|NT_113949.1|	41601	41602
#Deleted in new
gi|89056990|ref|NT_113949.1|	41602	41603
#Deleted in new
gi|89056990|ref|NT_113949.1|	41603	41604
#Deleted in new
gi|89056990|ref|NT_113949.1|	41604	41605
#Deleted in new
gi|89056990|ref|NT_113949.1|	41605	41606
#Deleted in new
gi|89056990|ref|NT_113949.1|	41606	41607
#Deleted in new
gi|89056990|ref|NT_113949.1|	41607	41608
#Deleted in new
gi|89056990|ref|NT_113949.1|	41608	41609
#Deleted in new
gi|89056990|ref|NT_113949.1|	41609	41610
#Deleted in new
gi|89056990|ref|NT_113949.1|	41610	41611
#Deleted in new
gi|89056990|ref|NT_113949.1|	41611	41612
#Deleted in new
gi|89056990|ref|NT_113949.1|	41612	41613
#Deleted in new
gi|89056990|ref|NT_113949.1|	41613	41614
#Deleted in new
gi|89056990|ref|NT_113949.1|	41614	41615
#Deleted in new
gi|89056990|ref|NT_113949.1|	41615	41616
#Deleted in new
gi|89056990|ref|NT_113949.1|	41616	41617
#Deleted in new
gi|89056990|ref|NT_113949.1|	41617	41618
#Deleted in new
gi|89056990|ref|NT_113949.1|	41618	41619
#Deleted in new
gi|89056990|ref|NT_113949.1|	41619	41620
#Deleted in new
gi|89056990|ref|NT_113949.1|	41620	41621
#Deleted in new
gi|89056990|ref|NT_113949.1|	41621	41622
#Deleted in new
gi|89056990|ref|NT_113949.1|	41622	41623
#Deleted in new
gi|89056990|ref|NT_113949.1|	41623	41624
#Deleted in new
gi|89056990|ref|NT_113949.1|	41624	41625
#Deleted in new
gi|89056990|ref|NT_113949.1|	41625	41626
#Deleted in new
gi|89056990|ref|NT_113949.1|	41626	41627
#Deleted in new
gi|89056990|ref|NT_113949.1|	41627	41628
#Deleted in new
gi|89056990|ref|NT_113949.1|	41628	41629
#Deleted in new
gi|89056990|ref|NT_113949.1|	41629	41630
#Deleted in new
gi|89056990|ref|NT_113949.1|	41630	41631
#Deleted in new
gi|89056990|ref|NT_113949.1|	41631	41632
#Deleted in new
gi|89056990|ref|NT_113949.1|	41632	41633
#Deleted in new
gi|89056990|ref|NT_113949.1|	41633	41634
#Deleted in new
gi|89056990|ref|NT_113949.1|	41634	41635
#Deleted in new
gi|89056990|ref|NT_113949.1|	41635	41636
#Deleted in new
gi|89056990|ref|NT_113949.1|	41636	41637
#Deleted in new
gi|89056990|ref|NT_113949.1|	41637	41638
#Deleted in new
gi|89056990|ref|NT_113949.1|	41638	41639
#Deleted in new
gi|89056990|ref|NT_113949.1|	41639	41640
#Deleted in new
gi|89056990|ref|NT_113949.1|	41640	41641
#Deleted in new
gi|89056990|ref|NT_113949.1|	41641	41642
#Deleted in new
gi|89056990|ref|NT_113949.1|	41642	41643
#Deleted in new
gi|89056990|ref|NT_113949.1|	41643	41644
#Deleted in new
gi|89056990|ref|NT_113949.1|	41644	41645
#Deleted in new
gi|89056990|ref|NT_113949.1|	41645	41646
#Deleted in new
gi|89056990|ref|NT_113949.1|	41646	41647
#Deleted in new
gi|89056990|ref|NT_113949.1|	41647	41648
#Deleted in new
gi|89056990|ref|NT_113949.1|	41648	41649
#Deleted in new
gi|89056990|ref|NT_113949.1|	41649	41650
#Deleted in new
gi|89056990|ref|NT_113949.1|	41650	41651
#Deleted in new
gi|89056990|ref|NT_113949.1|	41651	41652
#Deleted in new
gi|89056990|ref|NT_113949.1|	41652	41653
#Deleted in new
gi|89056990|ref|NT_113949.1|	41653	41654
#Deleted in new
gi|89056990|ref|NT_113949.1|	41654	41655
#Deleted in new
gi|89056990|ref|NT_113949.1|	41655	41656
#Deleted in new
gi|89056990|ref|NT_113949.1|	41656	41657
#Deleted in new
gi|89056990|ref|NT_113949.1|	41657	41658
#Deleted in new
gi|89056990|ref|NT_113949.1|	41658	41659
#Deleted in new
gi|89056990|ref|NT_113949.1|	41659	41660
#Deleted in new
gi|89056990|ref|NT_113949.1|	41660	41661
#Deleted in new
gi|89056990|ref|NT_113949.1|	41661	41662
#Deleted in new
gi|89056990|ref|NT_113949.1|	41662	41663
#Deleted in new
gi|89056990|ref|NT_113949.1|	41663	41664
#Deleted in new
gi|89056990|ref|NT_113949.1|	41664	41665
#Deleted in new
gi|89056990|ref|NT_113949.1|	41665	41666
#Deleted in new
gi|89056990|ref|NT_113949.1|	41666	41667
#Deleted in new
gi|89056990|ref|NT_113949.1|	41667	41668
#Deleted in new
gi|89056990|ref|NT_113949.1|	41668	41669
#Deleted in new
gi|89056990|ref|NT_113949.1|	41669	41670
#Deleted in new
gi|89056990|ref|NT_113949.1|	41670	41671
#Deleted in new
gi|89056990|ref|NT_113949.1|	41671	41672
#Deleted in new
gi|89056990|ref|NT_113949.1|	41672	41673
#Deleted in new
gi|89056990|ref|NT_113949.1|	41673	41674
#Deleted in new
gi|89056990|ref|NT_113949.1|	41674	41675
#Deleted in new
gi|89056990|ref|NT_113949.1|	41675	41676
#Deleted in new
gi|89056990|ref|NT_113949.1|	41676	41677
#Deleted in new
gi|89056990|ref|NT_113949.1|	41677	41678
#Deleted in new
gi|89056990|ref|NT_113949.1|	41678	41679
#Deleted in new
gi|89056990|ref|NT_113949.1|	41679	41680
#Deleted in new
gi|89056990|ref|NT_113949.1|	41680	41681
#Deleted in new
gi|89056990|ref|NT_113949.1|	41681	41682
#Deleted in new
gi|89056990|ref|NT_113949.1|	41682	41683
#Deleted in new
gi|89056990|ref|NT_113949.1|	41683	41684
#Deleted in new
gi|89056990|ref|NT_113949.1|	41684	41685
#Deleted in new
gi|89056990|ref|NT_113949.1|	41685	41686
#Deleted in new
gi|89056990|ref|NT_113949.1|	41686	41687
#Deleted in new
gi|89056990|ref|NT_113949.1|	41687	41688
#Deleted in new
gi|89056990|ref|NT_113949.1|	41688	41689
#Deleted in new
gi|89056990|ref|NT_113949.1|	41689	41690
#Deleted in new
gi|89056990|ref|NT_113949.1|	41690	41691
#Deleted in new
gi|89056990|ref|NT_113949.1|	41691	41692
#Deleted in new
gi|89056990|ref|NT_113949.1|	41692	41693
#Deleted in new
gi|89056990|ref|NT_113949.1|	41693	41694
#Deleted in new
gi|89056990|ref|NT_113949.1|	41694	41695
#Deleted in new
gi|89056990|ref|NT_113949.1|	41695	41696
#Deleted in new
gi|89056990|ref|NT_113949.1|	41696	41697
#Deleted in new
gi|89056990|ref|NT_113949.1|	41697	41698
#Deleted in new
gi|89056990|ref|NT_113949.1|	41698	41699
#Deleted in new
gi|89056990|ref|NT_113949.1|	41699	41700
#Deleted in new
gi|89056990|ref|NT_113949.1|	41700	41701
#Deleted in new
gi|89056990|ref|NT_113949.1|	41701	41702
#Deleted in new
gi|89056990|ref|NT_113949.1|	41702	41703
#Deleted in new
gi|89056990|ref|NT_113949.1|	41703	41704
